  Installing vcpkg dependencies to D:\project2\Cairo-VS\projects\vcpkg_installed\x64-windows\
  "C:\vcpkg\vcpkg.exe" install  --x-wait-for-lock --triplet "x64-windows" --vcpkg-root "C:\vcpkg\\" "--x-manifest-root=D:\project2\Cairo-VS\projects\\" "--x-install-root=D:\project2\Cairo-VS\projects\vcpkg_installed\x64-windows\\" --debug
  [DEBUG] Feature flag 'binarycaching' unset
  [DEBUG] Feature flag 'manifests' unset
  [DEBUG] Feature flag 'compilertracking' unset
  [DEBUG] Feature flag 'registries' unset
  [DEBUG] Feature flag 'versions' unset
  [DEBUG] Failed to open: C:\vcpkg\vcpkg-bundle.json
  [DEBUG] Bundle config: readonly=0, usegitregistry=0, embeddedsha=nullopt
  [DEBUG] Using builtin-ports: C:\vcpkg\ports
  [DEBUG] Using installed-root: D:\project2\Cairo-VS\projects\vcpkg_installed\x64-windows\
  [DEBUG] Using buildtrees-root: C:\vcpkg\buildtrees
  [DEBUG] Using packages-root: C:\vcpkg\packages
  [DEBUG] Using manifest-root: D:\project2\Cairo-VS\projects\
  [DEBUG] Using scripts-root: C:\vcpkg\scripts
  [DEBUG] Using vcpkg-root: C:\vcpkg\
  [DEBUG] Using scripts-root: C:\vcpkg\scripts
  [DEBUG] Using builtin-registry: C:\vcpkg\versions
  [DEBUG] Using downloads-root: C:\vcpkg\downloads
  [DEBUG] Default binary cache path is: C:\Users\hmkim\AppData\Local\vcpkg\archives
  [DEBUG] Using overlay: D:\project2\Cairo-VS\projects
  [DEBUG] Using overlay: C:\vcpkg\ports
  [DEBUG] CreateProcessW("C:\vcpkg\downloads\tools\cmake-3.22.2-windows\cmake-3.22.2-windows-i386\bin\cmake.exe" --version)
  [DEBUG] ReadFile() finished with GetLastError(): 109
  [DEBUG] 18532: cmd_execute_and_stream_data() returned 0 after    45250 us
  [DEBUG] CreateProcessW("C:\vcpkg\downloads\tools\cmake-3.22.2-windows\cmake-3.22.2-windows-i386\bin\cmake.exe" -DVCPKG_ROOT_DIR=C:/vcpkg/ -DPACKAGES_DIR=C:/vcpkg/packages -DBUILDTREES_DIR=C:/vcpkg/buildtrees -D_VCPKG_INSTALLED_DIR=D:/project2/Cairo-VS/projects/vcpkg_installed/x64-windows/ -DDOWNLOADS=C:/vcpkg/downloads -DVCPKG_MANIFEST_INSTALL=OFF -P "C:\vcpkg\buildtrees\0.vcpkg_dep_info.cmake")
  [DEBUG] ReadFile() finished with GetLastError(): 109
  [DEBUG] 18532: cmd_execute_and_stream_data() returned 0 after    30068 us
  [DEBUG] CreateProcessW("C:\vcpkg\downloads\tools\cmake-3.22.2-windows\cmake-3.22.2-windows-i386\bin\cmake.exe" -DVCPKG_ROOT_DIR=C:/vcpkg/ -DPACKAGES_DIR=C:/vcpkg/packages -DBUILDTREES_DIR=C:/vcpkg/buildtrees -D_VCPKG_INSTALLED_DIR=D:/project2/Cairo-VS/projects/vcpkg_installed/x64-windows/ -DDOWNLOADS=C:/vcpkg/downloads -DVCPKG_MANIFEST_INSTALL=OFF -P "C:\vcpkg\buildtrees\1.vcpkg_dep_info.cmake")
  [DEBUG] ReadFile() finished with GetLastError(): 109
  [DEBUG] 18532: cmd_execute_and_stream_data() returned 0 after    30370 us
  [DEBUG] Using overlay: D:\project2\Cairo-VS\projects
  [DEBUG] Using overlay: C:\vcpkg\ports
  [DEBUG] CreateProcessW("C:\vcpkg\downloads\tools\cmake-3.22.2-windows\cmake-3.22.2-windows-i386\bin\cmake.exe" -DVCPKG_ROOT_DIR=C:/vcpkg/ -DPACKAGES_DIR=C:/vcpkg/packages -DBUILDTREES_DIR=C:/vcpkg/buildtrees -D_VCPKG_INSTALLED_DIR=D:/project2/Cairo-VS/projects/vcpkg_installed/x64-windows/ -DDOWNLOADS=C:/vcpkg/downloads -DVCPKG_MANIFEST_INSTALL=OFF -P "C:\vcpkg\buildtrees\0.vcpkg_tags.cmake")
  [DEBUG] ReadFile() finished with GetLastError(): 109
  [DEBUG] 18532: cmd_execute_and_stream_data() returned 0 after    33873 us
  [DEBUG] CreateProcessW("C:\Program Files (x86)\Microsoft Visual Studio\Installer\vswhere.exe" -all -prerelease -legacy -products * -format xml)
  [DEBUG] ReadFile() finished with GetLastError(): 109
  [DEBUG] 18532: cmd_execute_and_stream_data() returned 0 after    31074 us
  Detecting compiler hash for triplet x64-windows...
  [DEBUG] Found path: C:\Program Files\Git\cmd\git.exe
  [DEBUG] CreateProcessW("C:\Program Files\Git\cmd\git.exe" --version)
  [DEBUG] ReadFile() finished with GetLastError(): 109
  [DEBUG] 18532: cmd_execute_and_stream_data() returned 0 after    35314 us
  [DEBUG] Found path: C:\Users\hmkim\AppData\Local\Microsoft\WindowsApps\pwsh.exe
  [DEBUG] CreateProcessW("C:\vcpkg\downloads\tools\powershell-core-7.2.1-windows\pwsh.exe" --version)
  [DEBUG] ReadFile() finished with GetLastError(): 109
  [DEBUG] 18532: cmd_execute_and_stream_data() returned 0 after   168344 us
  [DEBUG] CreateProcessW(cmd /c "C:\Program Files\Microsoft Visual Studio\2022\Community\VC\Auxiliary/Build\vcvarsall.bat" -vcvars_ver=14.31.31103 amd64   2>&1 <NUL  & echo cdARN4xjKueKScMy9C6H & set)
  [DEBUG] ReadFile() finished with GetLastError(): 109
  [DEBUG] 18532: cmd_execute_and_stream_data() returned 0 after   975275 us
  [DEBUG] command line: cmd /c "C:\Program Files\Microsoft Visual Studio\2022\Community\VC\Auxiliary/Build\vcvarsall.bat" -vcvars_ver=14.31.31103 amd64   2>&1 <NUL  & echo cdARN4xjKueKScMy9C6H & set
  [DEBUG] **********************************************************************
  ** Visual Studio 2022 Developer Command Prompt v17.1.0
  ** Copyright (c) 2021 Microsoft Corporation
  **********************************************************************
  [vcvarsall.bat] Environment initialized for: 'x64'
  cdARN4xjKueKScMy9C6H 
  ALLUSERSPROFILE=C:\ProgramData
  APPDATA=C:\Users\hmkim\AppData\Roaming
  CommandPromptType=Native
  CommonProgramFiles=C:\Program Files (x86)\Common Files
  CommonProgramFiles(x86)=C:\Program Files (x86)\Common Files
  CommonProgramW6432=C:\Program Files\Common Files
  COMPUTERNAME=DESKTOP-4VRLC0S
  ComSpec=C:\WINDOWS\system32\cmd.exe
  DevEnvDir=C:\Program Files\Microsoft Visual Studio\2022\Community\Common7\IDE\
  ExtensionSdkDir=C:\Program Files (x86)\Microsoft SDKs\Windows Kits\10\ExtensionSDKs
  Framework40Version=v4.0
  FrameworkDir=C:\Windows\Microsoft.NET\Framework64\
  FrameworkDIR64=C:\Windows\Microsoft.NET\Framework64
  FrameworkVersion=v4.0.30319
  FrameworkVersion64=v4.0.30319
  HOMEDRIVE=C:
  HOMEPATH=\Users\hmkim
  HTMLHelpDir=C:\Program Files (x86)\HTML Help Workshop
  INCLUDE=C:\Program Files\Microsoft Visual Studio\2022\Community\VC\Tools\MSVC\14.31.31103\ATLMFC\include;C:\Program Files\Microsoft Visual Studio\2022\Community\VC\Tools\MSVC\14.31.31103\include;C:\Program Files (x86)\Windows Kits\NETFXSDK\4.8\include\um;C:\Program Files (x86)\Windows Kits\10\include\10.0.19041.0\ucrt;C:\Program Files (x86)\Windows Kits\10\\include\10.0.19041.0\\shared;C:\Program Files (x86)\Windows Kits\10\\include\10.0.19041.0\\um;C:\Program Files (x86)\Windows Kits\10\\include\10.0.19041.0\\winrt;C:\Program Files (x86)\Windows Kits\10\\include\10.0.19041.0\\cppwinrt
  LIB=C:\Program Files\Microsoft Visual Studio\2022\Community\VC\Tools\MSVC\14.31.31103\ATLMFC\lib\x64;C:\Program Files\Microsoft Visual Studio\2022\Community\VC\Tools\MSVC\14.31.31103\lib\x64;C:\Program Files (x86)\Windows Kits\NETFXSDK\4.8\lib\um\x64;C:\Program Files (x86)\Windows Kits\10\lib\10.0.19041.0\ucrt\x64;C:\Program Files (x86)\Windows Kits\10\\lib\10.0.19041.0\\um\x64
  LIBPATH=C:\Program Files\Microsoft Visual Studio\2022\Community\VC\Tools\MSVC\14.31.31103\ATLMFC\lib\x64;C:\Program Files\Microsoft Visual Studio\2022\Community\VC\Tools\MSVC\14.31.31103\lib\x64;C:\Program Files\Microsoft Visual Studio\2022\Community\VC\Tools\MSVC\14.31.31103\lib\x86\store\references;C:\Program Files (x86)\Windows Kits\10\UnionMetadata\10.0.19041.0;C:\Program Files (x86)\Windows Kits\10\References\10.0.19041.0;C:\Windows\Microsoft.NET\Framework64\v4.0.30319
  LOCALAPPDATA=C:\Users\hmkim\AppData\Local
  LOGONSERVER=\\DESKTOP-4VRLC0S
  NETFXSDKDir=C:\Program Files (x86)\Windows Kits\NETFXSDK\4.8\
  NUMBER_OF_PROCESSORS=16
  OS=Windows_NT
  PATHEXT=.COM;.EXE;.BAT;.CMD;.VBS;.VBE;.JS;.JSE;.WSF;.WSH;.MSC
  Platform=x64
  PROCESSOR_ARCHITECTURE=x86
  PROCESSOR_ARCHITEW6432=AMD64
  PROCESSOR_IDENTIFIER=AMD64 Family 23 Model 96 Stepping 1, AuthenticAMD
  PROCESSOR_LEVEL=23
  PROCESSOR_REVISION=6001
  ProgramData=C:\ProgramData
  ProgramFiles=C:\Program Files (x86)
  ProgramFiles(x86)=C:\Program Files (x86)
  ProgramW6432=C:\Program Files
  PROMPT=$P$G
  PSModulePath=C:\Program Files\WindowsPowerShell\Modules;C:\WINDOWS\system32\WindowsPowerShell\v1.0\Modules
  PUBLIC=C:\Users\Public
  SystemDrive=C:
  SystemRoot=C:\WINDOWS
  TEMP=C:\Users\hmkim\AppData\Local\Temp
  TMP=C:\Users\hmkim\AppData\Local\Temp
  UCRTVersion=10.0.19041.0
  UniversalCRTSdkDir=C:\Program Files (x86)\Windows Kits\10\
  USERDOMAIN=DESKTOP-4VRLC0S
  USERDOMAIN_ROAMINGPROFILE=DESKTOP-4VRLC0S
  USERNAME=hmkim
  USERPROFILE=C:\Users\hmkim
  VCIDEInstallDir=C:\Program Files\Microsoft Visual Studio\2022\Community\Common7\IDE\VC\
  VCINSTALLDIR=C:\Program Files\Microsoft Visual Studio\2022\Community\VC\
  VCToolsInstallDir=C:\Program Files\Microsoft Visual Studio\2022\Community\VC\Tools\MSVC\14.31.31103\
  VCToolsRedistDir=C:\Program Files\Microsoft Visual Studio\2022\Community\VC\Redist\MSVC\14.31.31103\
  VCToolsVersion=14.31.31103
  VisualStudioVersion=17.0
  VS170COMNTOOLS=C:\Program Files\Microsoft Visual Studio\2022\Community\Common7\Tools\
  VSCMD_ARG_app_plat=Desktop
  VSCMD_ARG_HOST_ARCH=x64
  VSCMD_ARG_TGT_ARCH=x64
  VSCMD_ARG_VCVARS_VER=14.31.31103
  VSCMD_VER=17.1.0
  VSINSTALLDIR=C:\Program Files\Microsoft Visual Studio\2022\Community\
  windir=C:\WINDOWS
  CUDA_PATH=C:\Program Files\NVIDIA GPU Computing Toolkit\CUDA\v11.2
  CUDA_PATH_V10_0=C:\Program Files\NVIDIA GPU Computing Toolkit\CUDA\v10.0
  CUDA_PATH_V11_2=C:\Program Files\NVIDIA GPU Computing Toolkit\CUDA\v11.2
  NVCUDASAMPLES_ROOT=C:\ProgramData\NVIDIA Corporation\CUDA Samples\v11.2
  NVTOOLSEXT_PATH=C:\Program Files\NVIDIA Corporation\NvToolsExt\
  VULKAN_SDK=C:\VulkanSDK\1.2.189.1
  PATH=C:\Program Files\Microsoft Visual Studio\2022\Community\Common7\IDE\\Extensions\Microsoft\IntelliCode\CLI;C:\Program Files\Microsoft Visual Studio\2022\Community\VC\Tools\MSVC\14.31.31103\bin\HostX64\x64;C:\Program Files\Microsoft Visual Studio\2022\Community\Common7\IDE\VC\VCPackages;C:\Program Files\Microsoft Visual Studio\2022\Community\Common7\IDE\CommonExtensions\Microsoft\TestWindow;C:\Program Files\Microsoft Visual Studio\2022\Community\Common7\IDE\CommonExtensions\Microsoft\TeamFoundation\Team Explorer;C:\Program Files\Microsoft Visual Studio\2022\Community\MSBuild\Current\bin\Roslyn;C:\Program Files\Microsoft Visual Studio\2022\Community\Team Tools\Performance Tools\x64;C:\Program Files\Microsoft Visual Studio\2022\Community\Team Tools\Performance Tools;C:\Program Files (x86)\Microsoft Visual Studio\Shared\Common\VSPerfCollectionTools\vs2019\\x64;C:\Program Files (x86)\Microsoft Visual Studio\Shared\Common\VSPerfCollectionTools\vs2019\;C:\Program Files (x86)\Microsoft SDKs\Windows\v10.0A\bin\NETFX 4.8 Tools\x64\;C:\Program Files (x86)\HTML Help Workshop;C:\Program Files (x86)\Windows Kits\10\bin\10.0.19041.0\\x64;C:\Program Files (x86)\Windows Kits\10\bin\\x64;C:\Program Files\Microsoft Visual Studio\2022\Community\\MSBuild\Current\Bin\amd64;C:\Windows\Microsoft.NET\Framework64\v4.0.30319;C:\Program Files\Microsoft Visual Studio\2022\Community\Common7\IDE\;C:\Program Files\Microsoft Visual Studio\2022\Community\Common7\Tools\;C:\vcpkg\downloads\tools\powershell-core-7.2.1-windows;C:\WINDOWS\system32;C:\WINDOWS;C:\WINDOWS\system32\Wbem;C:\WINDOWS\system32\WindowsPowerShell\v1.0\;C:\Program Files\Microsoft Visual Studio\2022\Community\Common7\IDE\CommonExtensions\Microsoft\CMake\CMake\bin;C:\Program Files\Microsoft Visual Studio\2022\Community\Common7\IDE\CommonExtensions\Microsoft\CMake\Ninja;C:\Program Files\Microsoft Visual Studio\2022\Community\Common7\IDE\VC\Linux\bin\ConnectionManagerExe
  VSLANG=1033
  VSCMD_SKIP_SENDTELEMETRY=1
  VCPKG_COMMAND=C:/vcpkg/vcpkg.exe
  WindowsLibPath=C:\Program Files (x86)\Windows Kits\10\UnionMetadata\10.0.19041.0;C:\Program Files (x86)\Windows Kits\10\References\10.0.19041.0
  WindowsSdkBinPath=C:\Program Files (x86)\Windows Kits\10\bin\
  WindowsSdkDir=C:\Program Files (x86)\Windows Kits\10\
  WindowsSDKLibVersion=10.0.19041.0\
  WindowsSdkVerBinPath=C:\Program Files (x86)\Windows Kits\10\bin\10.0.19041.0\
  WindowsSDKVersion=10.0.19041.0\
  WindowsSDK_ExecutablePath_x64=C:\Program Files (x86)\Microsoft SDKs\Windows\v10.0A\bin\NETFX 4.8 Tools\x64\
  WindowsSDK_ExecutablePath_x86=C:\Program Files (x86)\Microsoft SDKs\Windows\v10.0A\bin\NETFX 4.8 Tools\
  X_VCPKG_RECURSIVE_DATA={
  "VCPKG_ROOT": "C:\\vcpkg\\"
  }
  
  __DOTNET_ADD_64BIT=1
  __DOTNET_PREFERRED_BITNESS=64
  __VSCMD_PREINIT_PATH=C:\vcpkg\downloads\tools\powershell-core-7.2.1-windows;C:\WINDOWS\system32;C:\WINDOWS;C:\WINDOWS\system32\Wbem;C:\WINDOWS\system32\WindowsPowerShell\v1.0\
  __VSCMD_script_err_count=0
  
  [DEBUG] CreateProcessW("C:\vcpkg\downloads\tools\cmake-3.22.2-windows\cmake-3.22.2-windows-i386\bin\cmake.exe" -DCURRENT_PORT_DIR=C:/vcpkg/scripts/detect_compiler -DCURRENT_BUILDTREES_DIR=C:/vcpkg/buildtrees/detect_compiler -DCURRENT_PACKAGES_DIR=C:/vcpkg/packages/detect_compiler_x64-windows -D_HOST_TRIPLET=x64-windows -DCMD=BUILD -DDOWNLOADS=C:/vcpkg/downloads -DTARGET_TRIPLET=x64-windows -DTARGET_TRIPLET_FILE=C:/vcpkg/triplets/x64-windows.cmake -DVCPKG_BASE_VERSION=2022-03-09 -DVCPKG_CONCURRENCY=17 -DVCPKG_PLATFORM_TOOLSET=v143 "-DGIT=C:/Program Files/Git/cmd/git.exe" -DVCPKG_ROOT_DIR=C:/vcpkg/ -DPACKAGES_DIR=C:/vcpkg/packages -DBUILDTREES_DIR=C:/vcpkg/buildtrees -D_VCPKG_INSTALLED_DIR=D:/project2/Cairo-VS/projects/vcpkg_installed/x64-windows/ -DDOWNLOADS=C:/vcpkg/downloads -DVCPKG_MANIFEST_INSTALL=OFF -P "C:\vcpkg\scripts\ports.cmake")
  [DEBUG] -- Found external ninja('1.10.2').
  [DEBUG] -- Configuring x64-windows
  [DEBUG] [1/1] cmd /c "cd .. && "C:/vcpkg/downloads/tools/cmake-3.22.2-windows/cmake-3.22.2-windows-i386/bin/cmake.exe" "C:/vcpkg/scripts/detect_compiler" "-DCMAKE_MAKE_PROGRAM=C:/Program Files/Microsoft Visual Studio/2022/Community/Common7/IDE/CommonExtensions/Microsoft/CMake/Ninja/ninja.exe" "-DBUILD_SHARED_LIBS=ON" "-DVCPKG_CHAINLOAD_TOOLCHAIN_FILE=C:/vcpkg/scripts/toolchains/windows.cmake" "-DVCPKG_TARGET_TRIPLET=x64-windows" "-DVCPKG_SET_CHARSET_FLAG=ON" "-DVCPKG_PLATFORM_TOOLSET=v143" "-DCMAKE_EXPORT_NO_PACKAGE_REGISTRY=ON" "-DCMAKE_FIND_PACKAGE_NO_PACKAGE_REGISTRY=ON" "-DCMAKE_FIND_PACKAGE_NO_SYSTEM_PACKAGE_REGISTRY=ON" "-DCMAKE_INSTALL_SYSTEM_RUNTIME_LIBS_SKIP=TRUE" "-DCMAKE_VERBOSE_MAKEFILE=ON" "-DVCPKG_APPLOCAL_DEPS=OFF" "-DCMAKE_TOOLCHAIN_FILE=C:/vcpkg/scripts/buildsystems/vcpkg.cmake" "-DCMAKE_ERROR_ON_ABSOLUTE_INSTALL_DESTINATION=ON" "-DVCPKG_CXX_FLAGS=" "-DVCPKG_CXX_FLAGS_RELEASE=" "-DVCPKG_CXX_FLAGS_DEBUG=" "-DVCPKG_C_FLAGS=" "-DVCPKG_C_FLAGS_RELEASE=" "-DVCPKG_C_FLAGS_DEBUG=" "-DVCPKG_CRT_LINKAGE=dynamic" "-DVCPKG_LINKER_FLAGS=" "-DVCPKG_LINKER_FLAGS_RELEASE=" "-DVCPKG_LINKER_FLAGS_DEBUG=" "-DVCPKG_TARGET_ARCHITECTURE=x64" "-DCMAKE_INSTALL_LIBDIR:STRING=lib" "-DCMAKE_INSTALL_BINDIR:STRING=bin" "-D_VCPKG_ROOT_DIR=C:/vcpkg/" "-DZ_VCPKG_ROOT_DIR=C:/vcpkg/" "-D_VCPKG_INSTALLED_DIR=D:/project2/Cairo-VS/projects/vcpkg_installed/x64-windows/" "-DVCPKG_MANIFEST_INSTALL=OFF" "-G" "Ninja" "-DCMAKE_BUILD_TYPE=Release" "-DCMAKE_INSTALL_PREFIX=C:/vcpkg/packages/detect_compiler_x64-windows""
  [DEBUG] -- The C compiler identification is MSVC 19.31.31104.0
  [DEBUG] -- The CXX compiler identification is MSVC 19.31.31104.0
  [DEBUG] #COMPILER_HASH#718cc4e644d81fbb992d359895e82f5b348acca6
  [DEBUG] #COMPILER_C_HASH#7d025ff1ba6b4620bf419a172a67c48365039e45
  [DEBUG] #COMPILER_C_VERSION#19.31.31104.0
  [DEBUG] #COMPILER_C_ID#MSVC
  [DEBUG] #COMPILER_CXX_HASH#7d025ff1ba6b4620bf419a172a67c48365039e45
  [DEBUG] #COMPILER_CXX_VERSION#19.31.31104.0
  [DEBUG] #COMPILER_CXX_ID#MSVC
  [DEBUG] -- Configuring done
  [DEBUG] -- Generating done
EXEC : [DEBUG] CMake warning : 
  [DEBUG]   Manually-specified variables were not used by the project:
  [DEBUG] 
  [DEBUG]     BUILD_SHARED_LIBS
  [DEBUG]     CMAKE_INSTALL_BINDIR
  [DEBUG]     CMAKE_INSTALL_LIBDIR
  [DEBUG]     VCPKG_TARGET_ARCHITECTURE
  [DEBUG]     _VCPKG_ROOT_DIR
  [DEBUG] 
  [DEBUG] 
  [DEBUG] -- Build files have been written to: C:/vcpkg/buildtrees/detect_compiler/x64-windows-rel
  [DEBUG] 
  [DEBUG] ReadFile() finished with GetLastError(): 109
  [DEBUG] 18532: cmd_execute_and_stream_data() returned 0 after  1537369 us
  [DEBUG] 
  [DEBUG] Detected compiler hash for triplet x64-windows: 718cc4e644d81fbb992d359895e82f5b348acca6
  [DEBUG] <abientries for zlib:x64-windows>
  [DEBUG]   0001-Prevent-invalid-inclusions-when-HAVE_-is-set-to-0.patch|750b9542cb55e6328cca01d3ca997f1373b9530afa95e04213168676936e7bfa
  [DEBUG]   0002-android-build-mingw.patch|86c1191e94c4e12759608517fafb3257c2e1bd27fc8d32042526cee64b4b2c56
  [DEBUG]   LICENSE|f3fe5dce7d085439fff8b62001aabea5fc396b49c9c7a44fd1b3a939fb3a7199
  [DEBUG]   add_debug_postfix_on_mingw.patch|7afeb9e6755857bc3256a072d6b091ab9330d926460127cf67b733acb2c228bb
  [DEBUG]   cmake|3.22.2
  [DEBUG]   cmake_dont_build_more_than_needed.patch|a51534a0a26593b305b209c87ccfc5ba38d3d35370deeda10dcfc407f12ca3af
  [DEBUG]   features|core
  [DEBUG]   portfile.cmake|4db222da5664260c6f5c2bcba47d5aeff80c9302866ef473e4a13f58a5eda9e7
  [DEBUG]   ports.cmake|e01bcbe535b11a2fbda56cffd590218ddeb18cb899c00afb2ac22a2301df2b09
  [DEBUG]   post_build_checks|2
  [DEBUG]   powershell|7.2.1
  [DEBUG]   triplet|x64-windows
  [DEBUG]   triplet_abi|4556164a2cd3dd6f4742101eabb46def7e71b6e5856faa88e5d005aac12a803c-b569c9954a47274946415ff01b1a344c8549f3fc19cb931d50bc09d1e5630c1d-718cc4e644d81fbb992d359895e82f5b348acca6
  [DEBUG]   usage|be22662327df993eebc437495add75acb365ab18d37c7e5de735d4ea4f5d3083
  [DEBUG]   vcpkg-cmake-wrapper.cmake|5d49ef2ee6448479c2aad0e5f732e2676eaba0411860f9bebabe6002d66f57d1
  [DEBUG]   vcpkg.json|25970230e11fadb2837304de8453b747545a0e43ca96b3d450621881a29a2390
  [DEBUG]   vcpkg_configure_cmake|0b91a87ccb0659953d3be8d9b5b82dc9bf680b7b84b50eba8f8790c6d27b03d3
  [DEBUG]   vcpkg_copy_pdbs|59e4c0d2321697848a899ba9537394cdee81725b11965c6d1341df53a6850380
  [DEBUG]   vcpkg_download_distfile|84d606138a5b098f5cadc83112eced22738074b718dabba8afa0517d6c5c05ae
  [DEBUG]   vcpkg_extract_source_archive|1de3aafb081e4d7483f5a250726e2b483fef4a221240a365b7bee5572b1cc2dd
  [DEBUG]   vcpkg_extract_source_archive_ex|cc3977b16c07bbdb418b1218583a1ca72ef82139e1e50f5c2907e34608145720
  [DEBUG]   vcpkg_fixup_pkgconfig|ff54f8b06c83b54a1af5e35286a6c36ea9e69376bed1d11b5521c254987c123f
  [DEBUG]   vcpkg_install_cmake|6430f4795e65c4c44c545c590d431fe1a68d7444255d0da58362a267bbf6408d
  [DEBUG]   vcpkg_replace_string|8b6e11739e0572c70057e7c655f6304f83d13843a8ce89ad8e1847444be01fea
  [DEBUG] </abientries>
  [DEBUG] <abientries for vcpkg-cmake-config:x64-windows>
  [DEBUG]   README.md|642293416a81ce3b147c41199cc609108715cfb0ee4d93a67e9c2c83c83d4d92
  [DEBUG]   cmake|3.22.2
  [DEBUG]   copyright|04b60f99a43bfd7fefdc8364b24aac704a2160cef969b75ba6a38b62dc4c4b70
  [DEBUG]   features|core
  [DEBUG]   portfile.cmake|832b34e63f5af41ad1b2e4aa79c5bfa507a005b120b51548e674accc706837d7
  [DEBUG]   ports.cmake|e01bcbe535b11a2fbda56cffd590218ddeb18cb899c00afb2ac22a2301df2b09
  [DEBUG]   post_build_checks|2
  [DEBUG]   powershell|7.2.1
  [DEBUG]   triplet|x64-windows
  [DEBUG]   triplet_abi|4556164a2cd3dd6f4742101eabb46def7e71b6e5856faa88e5d005aac12a803c-b569c9954a47274946415ff01b1a344c8549f3fc19cb931d50bc09d1e5630c1d-718cc4e644d81fbb992d359895e82f5b348acca6
  [DEBUG]   vcpkg-port-config.cmake|72bc3093337e633bdd19fe5d4dd1f38ca1918def49608d676a9c98c686d38b1e
  [DEBUG]   vcpkg.json|15fc351a55e6c6ead3157d4f68fa56a513f9fb7a848290540677e083d136b63d
  [DEBUG]   vcpkg_cmake_config_fixup.cmake|ed0679f8d6dc15b5f494f8adf0632317227721e2f749d3316758363b2932999e
  [DEBUG]   vcpkg_list|a63733d3a2283f2fe76a604143da440f91257302b912b3c401e27af7b2cb9f61
  [DEBUG] </abientries>
  [DEBUG] <abientries for vcpkg-cmake:x64-windows>
  [DEBUG]   CMakeLists.txt|49bd71c75e8c1d39cc2bc9fc8b3a8ff944dd3e07a0fa5367ab3401cb47e08b00
  [DEBUG]   README.md|e90597d1405be0b5f07fb39999c25d9c9ea142048fe4c619288b7e8d6109913c
  [DEBUG]   cmake|3.22.2
  [DEBUG]   copyright|04b60f99a43bfd7fefdc8364b24aac704a2160cef969b75ba6a38b62dc4c4b70
  [DEBUG]   features|core
  [DEBUG]   portfile.cmake|7f0148ad0234acde8f1868bca9f8675c666cf68a092c737b021b64cf8ac05fed
  [DEBUG]   ports.cmake|e01bcbe535b11a2fbda56cffd590218ddeb18cb899c00afb2ac22a2301df2b09
  [DEBUG]   post_build_checks|2
  [DEBUG]   powershell|7.2.1
  [DEBUG]   triplet|x64-windows
  [DEBUG]   triplet_abi|4556164a2cd3dd6f4742101eabb46def7e71b6e5856faa88e5d005aac12a803c-b569c9954a47274946415ff01b1a344c8549f3fc19cb931d50bc09d1e5630c1d-718cc4e644d81fbb992d359895e82f5b348acca6
  [DEBUG]   vcpkg-port-config.cmake|5807082909eeae42aaf5cd2e8b416abdbe644b7aa40e74f4cadf7bec175b33fd
  [DEBUG]   vcpkg.json|95d756d1dcd267ae4c45eccd2f8e575a320397bd49991c02144d94953c97a1ff
  [DEBUG]   vcpkg_add_to_path|5d7b62ed9fa23a49d3d842206e95e4211ab25b41321e30b6ddd9208febed9d18
  [DEBUG]   vcpkg_cmake_build.cmake|709ef74a7cbc91d4598c04fb1823efcebe65b18e198e257653ef7152a4c733c7
  [DEBUG]   vcpkg_cmake_configure.cmake|fe7b81288b2dfa0dc98c74e04777c1fbc4b7cd5f0f3f18ed63389184950834ef
  [DEBUG]   vcpkg_cmake_get_vars.cmake|995b1d98b989552e7f4cdff2018a71e8e0cbf839aa5c64a809b993d637d6f4de
  [DEBUG]   vcpkg_cmake_install.cmake|94c413f5d8fe251161df7b2088178ed6e06a26b320ff9a614fb20f3a104df2a7
  [DEBUG]   vcpkg_execute_build_process|9a32fb414906b3a2464de407f180fa257e44e5bf99acc65d2633d4aaea3ed3d7
  [DEBUG]   vcpkg_execute_required_process|3615138ef7b7c715817785577f7cf3bbfdf37fb8fbfffe1b95573d537ec13f73
  [DEBUG]   vcpkg_find_acquire_program|b9fe610a827aa0a0a239a139b907bb889ff3d586f5069048ad8d261604efd385
  [DEBUG] </abientries>
  [DEBUG] <abientries for libpng:x64-windows>
  [DEBUG]   cmake|3.22.2
  [DEBUG]   cmake.patch|7dbec235f991ba99cda49f7c4d57c5f7a1a94fdd43fb7f0a481cc2390b8050c8
  [DEBUG]   features|core
  [DEBUG]   fix-export-targets.patch|d60aac9defa457cc8935bd2b94102b6c75faff836ad570e1bd256bb50db0a228
  [DEBUG]   macos-arch-fix.patch|108a26b1fa3bb600fe6dbc2295ab9c84c294ef1870530658a9879a3fe7f1c94b
  [DEBUG]   pkgconfig.2.patch|15502f87fc620c6a933a5da680d65e7804e9d6a551fb2764b5546c9505c06a78
  [DEBUG]   pkgconfig.patch|4a516d5b8a6b2d05389e36c1e75246e29384ea72b23a6e34c36a8ad2bfe5ca5d
  [DEBUG]   portfile.cmake|0821e7823072186ccaefb2bf4e6e2f17da8b12f9791366ae00954185bfade824
  [DEBUG]   ports.cmake|e01bcbe535b11a2fbda56cffd590218ddeb18cb899c00afb2ac22a2301df2b09
  [DEBUG]   post_build_checks|2
  [DEBUG]   powershell|7.2.1
  [DEBUG]   triplet|x64-windows
  [DEBUG]   triplet_abi|4556164a2cd3dd6f4742101eabb46def7e71b6e5856faa88e5d005aac12a803c-b569c9954a47274946415ff01b1a344c8549f3fc19cb931d50bc09d1e5630c1d-718cc4e644d81fbb992d359895e82f5b348acca6
  [DEBUG]   use_abort.patch|06cc06ddee37a5f999bfde2eb31913a1c544357c04dda297b10e33b7f0cae8eb
  [DEBUG]   vcpkg-cmake|b4cea1d53c35e7ff2fb8a0f522f37c7ce2083211a5ee84967b2b1918e2067cf3
  [DEBUG]   vcpkg-cmake-config|84fa4455ee4d39e19bad57d667ecb08be5ac8e0c7bcd062ea73c703679646b72
  [DEBUG]   vcpkg.json|98c035ed9cdf040298e8ef4a0f99118003dc9f46c11c6e7a867104096515bc5c
  [DEBUG]   vcpkg_acquire_msys|c0ab59efb23687393017f2fe3b760d8322fa4edc9627a9250c5fb8894054ab36
  [DEBUG]   vcpkg_add_to_path|5d7b62ed9fa23a49d3d842206e95e4211ab25b41321e30b6ddd9208febed9d18
  [DEBUG]   vcpkg_copy_pdbs|59e4c0d2321697848a899ba9537394cdee81725b11965c6d1341df53a6850380
  [DEBUG]   vcpkg_download_distfile|84d606138a5b098f5cadc83112eced22738074b718dabba8afa0517d6c5c05ae
  [DEBUG]   vcpkg_execute_required_process|3615138ef7b7c715817785577f7cf3bbfdf37fb8fbfffe1b95573d537ec13f73
  [DEBUG]   vcpkg_find_acquire_program|b9fe610a827aa0a0a239a139b907bb889ff3d586f5069048ad8d261604efd385
  [DEBUG]   vcpkg_fixup_pkgconfig|ff54f8b06c83b54a1af5e35286a6c36ea9e69376bed1d11b5521c254987c123f
  [DEBUG]   vcpkg_from_git|44a968f872330ee25cb8fa8b47d149529d14e4c73963b8d55757b87c1bbc0c54
  [DEBUG]   vcpkg_from_github|6f56958675e421e9fbd3974718a489e077f407f16f6e7473294e3c0f4aeceac5
  [DEBUG]   zlib|7f93b18be01215eba7c5100c1833c840512307df40e8e673b08ced3fb57f1ee9
  [DEBUG] </abientries>
  [DEBUG] <abientries for bzip2:x64-windows>
  [DEBUG]   CMakeLists.txt|4f14b283a0be8ae8ad8a6c6db288ff5ffe3af6d82506fac266532b11ea9a8a33
  [DEBUG]   bzip2.pc.in|ec5bae2705896aa6f2ac5eb2b02c5512568203808c8427484b5eef1da670df91
  [DEBUG]   cmake|3.22.2
  [DEBUG]   features|core
  [DEBUG]   fix-import-export-macros.patch|38918c1257c884cc5cde39d9f4235d0e71574f20c7e5ec686a506612f647495e
  [DEBUG]   portfile.cmake|182febc0ead27929cad5df71895773b6ce2243885861f228d1b51f36ef4dc585
  [DEBUG]   ports.cmake|e01bcbe535b11a2fbda56cffd590218ddeb18cb899c00afb2ac22a2301df2b09
  [DEBUG]   post_build_checks|2
  [DEBUG]   powershell|7.2.1
  [DEBUG]   triplet|x64-windows
  [DEBUG]   triplet_abi|4556164a2cd3dd6f4742101eabb46def7e71b6e5856faa88e5d005aac12a803c-b569c9954a47274946415ff01b1a344c8549f3fc19cb931d50bc09d1e5630c1d-718cc4e644d81fbb992d359895e82f5b348acca6
  [DEBUG]   usage|75d339011fc11a43ee5093142ca1e8cb5e54db2ac93822abc5de694cda5a9881
  [DEBUG]   vcpkg.json|b875d1a2c68362943baa5341340fc59746b68865e4da3f76459006e9b81db83e
  [DEBUG]   vcpkg_configure_cmake|0b91a87ccb0659953d3be8d9b5b82dc9bf680b7b84b50eba8f8790c6d27b03d3
  [DEBUG]   vcpkg_copy_pdbs|59e4c0d2321697848a899ba9537394cdee81725b11965c6d1341df53a6850380
  [DEBUG]   vcpkg_download_distfile|84d606138a5b098f5cadc83112eced22738074b718dabba8afa0517d6c5c05ae
  [DEBUG]   vcpkg_extract_source_archive|1de3aafb081e4d7483f5a250726e2b483fef4a221240a365b7bee5572b1cc2dd
  [DEBUG]   vcpkg_extract_source_archive_ex|cc3977b16c07bbdb418b1218583a1ca72ef82139e1e50f5c2907e34608145720
  [DEBUG]   vcpkg_fixup_pkgconfig|ff54f8b06c83b54a1af5e35286a6c36ea9e69376bed1d11b5521c254987c123f
  [DEBUG]   vcpkg_install_cmake|6430f4795e65c4c44c545c590d431fe1a68d7444255d0da58362a267bbf6408d
  [DEBUG] </abientries>
  [DEBUG] <abientries for brotli:x64-windows>
  [DEBUG]   cmake|3.22.2
  [DEBUG]   features|core
  [DEBUG]   fix-arm-uwp.patch|de4cca0d83dda93087994a1b435c5cc4bf5267c6ec88595eb3458bf107b27fff
  [DEBUG]   fix-ios.patch|28a7b76039e9b4b76a2be7be92c73e22e1890694525737bceb11ab2fc713ddf1
  [DEBUG]   install.patch|5f3c22119f3249051a91050ba63b15b3966b734200a2399210d8c250e2a6de82
  [DEBUG]   pkgconfig.patch|abbfdd1ed943e27a3a78f64701b4cd33ef1f2ac0ab938b73cdf65e837589c918
  [DEBUG]   portfile.cmake|abdb3f26784a9cbdbe2780c8082384dbcf891b7caf34ca95b8dc118f1a96097f
  [DEBUG]   ports.cmake|e01bcbe535b11a2fbda56cffd590218ddeb18cb899c00afb2ac22a2301df2b09
  [DEBUG]   post_build_checks|2
  [DEBUG]   powershell|7.2.1
  [DEBUG]   triplet|x64-windows
  [DEBUG]   triplet_abi|4556164a2cd3dd6f4742101eabb46def7e71b6e5856faa88e5d005aac12a803c-b569c9954a47274946415ff01b1a344c8549f3fc19cb931d50bc09d1e5630c1d-718cc4e644d81fbb992d359895e82f5b348acca6
  [DEBUG]   vcpkg-cmake-wrapper.cmake|151c293d1250eb923249b5857349ea57010ce41597325a6bf53e7a334b8fe77d
  [DEBUG]   vcpkg.json|73d82275cb93ebd495705c0bdc868c6c5f0d61b4d7811e9dd4d721c8b98004ca
  [DEBUG]   vcpkg_configure_cmake|0b91a87ccb0659953d3be8d9b5b82dc9bf680b7b84b50eba8f8790c6d27b03d3
  [DEBUG]   vcpkg_copy_pdbs|59e4c0d2321697848a899ba9537394cdee81725b11965c6d1341df53a6850380
  [DEBUG]   vcpkg_copy_tool_dependencies|4655cdf0d283d2e6bce5e2aee3745ab0bfd7e4fb048c532274de53ef56389ea9
  [DEBUG]   vcpkg_fixup_cmake_targets|4ba01b095bb21f13622289497cc721c9b46bc336759340c9ad2b4ceb59d0660d
  [DEBUG]   vcpkg_fixup_pkgconfig|ff54f8b06c83b54a1af5e35286a6c36ea9e69376bed1d11b5521c254987c123f
  [DEBUG]   vcpkg_from_git|44a968f872330ee25cb8fa8b47d149529d14e4c73963b8d55757b87c1bbc0c54
  [DEBUG]   vcpkg_from_github|6f56958675e421e9fbd3974718a489e077f407f16f6e7473294e3c0f4aeceac5
  [DEBUG]   vcpkg_install_cmake|6430f4795e65c4c44c545c590d431fe1a68d7444255d0da58362a267bbf6408d
  [DEBUG] </abientries>
  [DEBUG] <abientries for freetype:x64-windows>
  [DEBUG]   0003-Fix-UWP.patch|e0e04364e1d674ce1f04a23be7d260a25a7c335c037ca0a5296bcd0a80c1054b
  [DEBUG]   brotli|575e2f8431673005bca3ab42a1dc55088ef96f9560433f9e728df61ccb184185
  [DEBUG]   brotli-static.patch|85dda99fb90d919f6039ec02ed5b8fa163c92164ee2470c17bb07d0c0c4af89e
  [DEBUG]   bzip2|5bac57282f0ce409770153de28aa3831ecce192946d9a99658baf72910e61f3d
  [DEBUG]   cmake|3.22.2
  [DEBUG]   features|brotli;bzip2;core;png;zlib
  [DEBUG]   fix-bzip2-pc.patch|1b95353136fb858339841b450c6940d52c5f864122af5de273655ff6c6a02ac1
  [DEBUG]   fix-exports.patch|525b0668ad9d3885ca6e7b2be0f54c2612844cadd23dbbf896a76efa125f816b
  [DEBUG]   libpng|60b0351bbe8d113869c5c006279481cd4ebcc0669722db49a6a51d7f5a8762e6
  [DEBUG]   portfile.cmake|85890ed28e9f3fe2717323ee42964f9dc90ba3c0401f987737fcb7fefe010b02
  [DEBUG]   ports.cmake|e01bcbe535b11a2fbda56cffd590218ddeb18cb899c00afb2ac22a2301df2b09
  [DEBUG]   post_build_checks|2
  [DEBUG]   powershell|7.2.1
  [DEBUG]   triplet|x64-windows
  [DEBUG]   triplet_abi|4556164a2cd3dd6f4742101eabb46def7e71b6e5856faa88e5d005aac12a803c-b569c9954a47274946415ff01b1a344c8549f3fc19cb931d50bc09d1e5630c1d-718cc4e644d81fbb992d359895e82f5b348acca6
  [DEBUG]   vcpkg-cmake|b4cea1d53c35e7ff2fb8a0f522f37c7ce2083211a5ee84967b2b1918e2067cf3
  [DEBUG]   vcpkg-cmake-config|84fa4455ee4d39e19bad57d667ecb08be5ac8e0c7bcd062ea73c703679646b72
  [DEBUG]   vcpkg-cmake-wrapper.cmake|084deee615cbb2aca71da59d2e9c22a7e5eef962b53ef63e20c6355f90b6e7f4
  [DEBUG]   vcpkg.json|53daf59c8164a7fc691e0146fba9272dd094b4113fc88e566605d56facc8784e
  [DEBUG]   vcpkg_check_features|3b67770952b50ed3377c44dd19ac543c0b8984e1c231f4ab7cee4a31f70fbff5
  [DEBUG]   vcpkg_copy_pdbs|59e4c0d2321697848a899ba9537394cdee81725b11965c6d1341df53a6850380
  [DEBUG]   vcpkg_fixup_pkgconfig|ff54f8b06c83b54a1af5e35286a6c36ea9e69376bed1d11b5521c254987c123f
  [DEBUG]   vcpkg_from_sourceforge|1d9abe7894920ee65041c6bf92cfd158f905bad7e483b6c4f1185e866fcefb2e
  [DEBUG]   zlib|7f93b18be01215eba7c5100c1833c840512307df40e8e673b08ced3fb57f1ee9
  [DEBUG] </abientries>
  [DEBUG] <abientries for egl-registry:x64-windows>
  [DEBUG]   cmake|3.22.2
  [DEBUG]   features|core
  [DEBUG]   portfile.cmake|b1fb0e88e8d0e1fac1b159114ea1ca3267523cbcd21560f2ef661559fe56e727
  [DEBUG]   ports.cmake|e01bcbe535b11a2fbda56cffd590218ddeb18cb899c00afb2ac22a2301df2b09
  [DEBUG]   post_build_checks|2
  [DEBUG]   powershell|7.2.1
  [DEBUG]   triplet|x64-windows
  [DEBUG]   triplet_abi|4556164a2cd3dd6f4742101eabb46def7e71b6e5856faa88e5d005aac12a803c-b569c9954a47274946415ff01b1a344c8549f3fc19cb931d50bc09d1e5630c1d-718cc4e644d81fbb992d359895e82f5b348acca6
  [DEBUG]   vcpkg.json|c33f06368f0a9535f53e2659d84cf13c954b39ba4d0d488b38c02e1d417de972
  [DEBUG]   vcpkg_from_git|44a968f872330ee25cb8fa8b47d149529d14e4c73963b8d55757b87c1bbc0c54
  [DEBUG]   vcpkg_from_github|6f56958675e421e9fbd3974718a489e077f407f16f6e7473294e3c0f4aeceac5
  [DEBUG] </abientries>
  [DEBUG] <abientries for opengl-registry:x64-windows>
  [DEBUG]   cmake|3.22.2
  [DEBUG]   egl-registry|1006821e00692f3a4cb1ba1b00ed308175e254a0653ad0d4527d0ac4b0a38b03
  [DEBUG]   features|core
  [DEBUG]   portfile.cmake|b733b3baed6860464ea6e1773ee348d2e7e88e7e65b7a8a0539703f216777a30
  [DEBUG]   ports.cmake|e01bcbe535b11a2fbda56cffd590218ddeb18cb899c00afb2ac22a2301df2b09
  [DEBUG]   post_build_checks|2
  [DEBUG]   powershell|7.2.1
  [DEBUG]   triplet|x64-windows
  [DEBUG]   triplet_abi|4556164a2cd3dd6f4742101eabb46def7e71b6e5856faa88e5d005aac12a803c-b569c9954a47274946415ff01b1a344c8549f3fc19cb931d50bc09d1e5630c1d-718cc4e644d81fbb992d359895e82f5b348acca6
  [DEBUG]   vcpkg.json|89162578a8754afae5eee0e2df7a17913f6e974bc9cd1be413476a02ab12bb67
  [DEBUG]   vcpkg_from_git|44a968f872330ee25cb8fa8b47d149529d14e4c73963b8d55757b87c1bbc0c54
  [DEBUG]   vcpkg_from_github|6f56958675e421e9fbd3974718a489e077f407f16f6e7473294e3c0f4aeceac5
  [DEBUG] </abientries>
  [DEBUG] <abientries for glad:x64-windows>
  [DEBUG]   cmake|3.22.2
  [DEBUG]   egl-registry|1006821e00692f3a4cb1ba1b00ed308175e254a0653ad0d4527d0ac4b0a38b03
  [DEBUG]   encoding.patch|89e022337e38942f5e935211d929265110b3d141075a6b04ad26c110600591e4
  [DEBUG]   features|core;extensions
  [DEBUG]   find_python.patch|064e43ff9d7aa4e4a0467e7f0fe62c50348f0e8ad1b8b57072363d8e0f0a443e
  [DEBUG]   opengl-registry|fcc1315ec881e6b6a78bcf00ff717a1e30e10fc6652a6b259b7dca4f05bc60d9
  [DEBUG]   portfile.cmake|192c2b64c4005ccef47edfb00763fa1176873050b589095fd2c463891df5123a
  [DEBUG]   ports.cmake|e01bcbe535b11a2fbda56cffd590218ddeb18cb899c00afb2ac22a2301df2b09
  [DEBUG]   post_build_checks|2
  [DEBUG]   powershell|7.2.1
  [DEBUG]   triplet|x64-windows
  [DEBUG]   triplet_abi|4556164a2cd3dd6f4742101eabb46def7e71b6e5856faa88e5d005aac12a803c-b569c9954a47274946415ff01b1a344c8549f3fc19cb931d50bc09d1e5630c1d-718cc4e644d81fbb992d359895e82f5b348acca6
  [DEBUG]   vcpkg-cmake|b4cea1d53c35e7ff2fb8a0f522f37c7ce2083211a5ee84967b2b1918e2067cf3
  [DEBUG]   vcpkg-cmake-config|84fa4455ee4d39e19bad57d667ecb08be5ac8e0c7bcd062ea73c703679646b72
  [DEBUG]   vcpkg.json|9b9704da4e975ab33b8f8f65742c816d684b935173b5722532fdb95e43f46ae2
  [DEBUG]   vcpkg_check_features|3b67770952b50ed3377c44dd19ac543c0b8984e1c231f4ab7cee4a31f70fbff5
  [DEBUG]   vcpkg_check_linkage|e5ad99ba10a67fae84fbf9b077a1d136a0a751343fbc8ec18c7bd83cab7eba6b
  [DEBUG]   vcpkg_copy_pdbs|59e4c0d2321697848a899ba9537394cdee81725b11965c6d1341df53a6850380
  [DEBUG]   vcpkg_find_acquire_program|b9fe610a827aa0a0a239a139b907bb889ff3d586f5069048ad8d261604efd385
  [DEBUG]   vcpkg_from_git|44a968f872330ee25cb8fa8b47d149529d14e4c73963b8d55757b87c1bbc0c54
  [DEBUG]   vcpkg_from_github|6f56958675e421e9fbd3974718a489e077f407f16f6e7473294e3c0f4aeceac5
  [DEBUG] </abientries>
  [DEBUG] <abientries for vcpkg-tool-meson:x64-windows>
  [DEBUG]   cmake|3.22.2
  [DEBUG]   features|core
  [DEBUG]   fix_linker_detection.patch|a9d69b74b22bff2590f5bf062fda60beb56b121589621279b295ed77f3de8ed3
  [DEBUG]   meson-intl.patch|93c3c4281b5adb447e8e6f74c993913e87375cf286ec3167348cf75836ba8190
  [DEBUG]   portfile.cmake|9869ee20501ac520e9e16bbc1d7287da84bc63f70b61709b6d530c4eed7f78db
  [DEBUG]   ports.cmake|e01bcbe535b11a2fbda56cffd590218ddeb18cb899c00afb2ac22a2301df2b09
  [DEBUG]   post_build_checks|2
  [DEBUG]   powershell|7.2.1
  [DEBUG]   triplet|x64-windows
  [DEBUG]   triplet_abi|4556164a2cd3dd6f4742101eabb46def7e71b6e5856faa88e5d005aac12a803c-b569c9954a47274946415ff01b1a344c8549f3fc19cb931d50bc09d1e5630c1d-718cc4e644d81fbb992d359895e82f5b348acca6
  [DEBUG]   vcpkg.json|659bd6ad3efd99fe5e381ca75d419e1b5894650ee831802bf8527bb974e2bed6
  [DEBUG]   vcpkg_apply_patches|a55d311b5188ea28da80514e9ccba9fc5c725cc492fce00d69f953e909a3ddcf
  [DEBUG]   vcpkg_download_distfile|84d606138a5b098f5cadc83112eced22738074b718dabba8afa0517d6c5c05ae
  [DEBUG]   vcpkg_execute_in_download_mode|cce96ca74881bee9ba28e5ec962a527f09203fc64b968674066d28b83b517f1d
  [DEBUG]   vcpkg_find_acquire_program|b9fe610a827aa0a0a239a139b907bb889ff3d586f5069048ad8d261604efd385
  [DEBUG]   z_vcpkg_apply_patches|fbdf0a621b379b1e7cf1f4534b4b64928bc185b57b9ac65ad1eb73a83c1e7046
  [DEBUG] </abientries>
  [DEBUG] <abientries for pixman:x64-windows>
  [DEBUG]   cmake|3.22.2
  [DEBUG]   features|core
  [DEBUG]   libpng|60b0351bbe8d113869c5c006279481cd4ebcc0669722db49a6a51d7f5a8762e6
  [DEBUG]   no-host-cpu-checks.patch|b234899a99390edeca43358e5775e46ad09f44ce8040c5b1053a7782d1898944
  [DEBUG]   portfile.cmake|6f79e984add8ac0847c2da66ccbd8c74c7d5c0cf8af886c3c5c10326b8b64c02
  [DEBUG]   ports.cmake|e01bcbe535b11a2fbda56cffd590218ddeb18cb899c00afb2ac22a2301df2b09
  [DEBUG]   post_build_checks|2
  [DEBUG]   powershell|7.2.1
  [DEBUG]   remove_test_demos.patch|bf6e76c908c3164c829f1518bb5890f63e64fd10c060a6b1dabd76abe323204a
  [DEBUG]   triplet|x64-windows
  [DEBUG]   triplet_abi|4556164a2cd3dd6f4742101eabb46def7e71b6e5856faa88e5d005aac12a803c-b569c9954a47274946415ff01b1a344c8549f3fc19cb931d50bc09d1e5630c1d-718cc4e644d81fbb992d359895e82f5b348acca6
  [DEBUG]   vcpkg-tool-meson|f939e40d7946c7e7c816170c86138fd6f9c9258936d8eb76b58477de76f2cbe9
  [DEBUG]   vcpkg.json|87ac2f9b6fa46ea8e56eb16a6f473c156d1a111f1cf2d6434fcddc4d32011452
  [DEBUG]   vcpkg_check_linkage|e5ad99ba10a67fae84fbf9b077a1d136a0a751343fbc8ec18c7bd83cab7eba6b
  [DEBUG]   vcpkg_configure_meson|649d508bedf2dc06d3fc98812fbdfd977b11d22484fa7e8c1be930b9ae5454e4
  [DEBUG]   vcpkg_download_distfile|84d606138a5b098f5cadc83112eced22738074b718dabba8afa0517d6c5c05ae
  [DEBUG]   vcpkg_extract_source_archive|1de3aafb081e4d7483f5a250726e2b483fef4a221240a365b7bee5572b1cc2dd
  [DEBUG]   vcpkg_extract_source_archive_ex|cc3977b16c07bbdb418b1218583a1ca72ef82139e1e50f5c2907e34608145720
  [DEBUG]   vcpkg_fixup_pkgconfig|ff54f8b06c83b54a1af5e35286a6c36ea9e69376bed1d11b5521c254987c123f
  [DEBUG]   vcpkg_install_meson|ca1323e88504bf0144fbca3ccf22245d74cbbea4b10aa8dc5146e5b55a84f7da
  [DEBUG] </abientries>
  All requested packages are currently installed.
  Restored 0 packages from C:\Users\hmkim\AppData\Local\vcpkg\archives in 155.3 us. Use --debug to see more details.
  
  Total elapsed time: 2.966 s
  
  The package zlib is compatible with built-in CMake targets:
  
      find_package(ZLIB REQUIRED)
      target_link_libraries(main PRIVATE ZLIB::ZLIB)
  
  The package libpng provides CMake targets:
  
      find_package(libpng CONFIG REQUIRED)
      target_link_libraries(main PRIVATE png)
  
  The package freetype provides CMake targets:
  
      find_package(freetype CONFIG REQUIRED)
      target_link_libraries(main PRIVATE freetype)
  
  The package glad provides CMake targets:
  
      find_package(glad CONFIG REQUIRED)
      target_link_libraries(main PRIVATE glad::glad)
  
  [DEBUG] D:\a\_work\1\s\src\vcpkg\commands.setinstalled.cpp(140): 
  [DEBUG] Time in subprocesses: 2886937 us
  [DEBUG] Time in parsing JSON: 1255 us
  [DEBUG] Time in JSON reader: 579 us
  [DEBUG] Time in filesystem: 12993 us
  [DEBUG] Time in loading ports: 4940 us
  [DEBUG] Exiting after 2.977 s (2971739 us)
  cairo.vcxproj -> D:\project2\Cairo-VS\projects\install\lib\x64\Debug\cairo.dll
