d:\project2\cairo-vs\projects\install\lib\win32\release\cairo.lib
d:\project2\cairo-vs\projects\install\lib\win32\release\cairo.exp
d:\project2\cairo-vs\projects\install\lib\win32\release\freetype.dll
d:\project2\cairo-vs\projects\install\lib\win32\release\zlib1.dll
d:\project2\cairo-vs\projects\install\lib\win32\release\bz2.dll
d:\project2\cairo-vs\projects\install\lib\win32\release\libpng16.dll
d:\project2\cairo-vs\projects\install\lib\win32\release\brotlidec.dll
d:\project2\cairo-vs\projects\install\lib\win32\release\brotlicommon.dll
d:\project2\cairo-vs\projects\cairo\win32\release\vc143.pdb
d:\project2\cairo-vs\projects\cairo\win32\release\cairo-clip.obj
d:\project2\cairo-vs\projects\cairo\win32\release\cairo-clip-tor-scan-converter.obj
d:\project2\cairo-vs\projects\cairo\win32\release\cairo-clip-surface.obj
d:\project2\cairo-vs\projects\cairo\win32\release\cairo-clip-region.obj
d:\project2\cairo-vs\projects\cairo\win32\release\cairo-clip-polygon.obj
d:\project2\cairo-vs\projects\cairo\win32\release\cairo-clip-boxes.obj
d:\project2\cairo-vs\projects\cairo\win32\release\cairo-cff-subset.obj
d:\project2\cairo-vs\projects\cairo\win32\release\cairo-cache.obj
d:\project2\cairo-vs\projects\cairo\win32\release\cairo-boxes.obj
d:\project2\cairo-vs\projects\cairo\win32\release\cairo-boxes-intersect.obj
d:\project2\cairo-vs\projects\cairo\win32\release\cairo-botor-scan-converter.obj
d:\project2\cairo-vs\projects\cairo\win32\release\cairo-bentley-ottmann.obj
d:\project2\cairo-vs\projects\cairo\win32\release\cairo-bentley-ottmann-rectilinear.obj
d:\project2\cairo-vs\projects\cairo\win32\release\cairo-bentley-ottmann-rectangular.obj
d:\project2\cairo-vs\projects\cairo\win32\release\cairo-base85-stream.obj
d:\project2\cairo-vs\projects\cairo\win32\release\cairo-base64-stream.obj
d:\project2\cairo-vs\projects\cairo\win32\release\cairo-atomic.obj
d:\project2\cairo-vs\projects\cairo\win32\release\cairo-array.obj
d:\project2\cairo-vs\projects\cairo\win32\release\cairo-arc.obj
d:\project2\cairo-vs\projects\cairo\win32\release\cairo-analysis-surface.obj
d:\project2\cairo-vs\projects\cairo\win32\release\cairo-gl-composite.obj
d:\project2\cairo-vs\projects\cairo\win32\release\cairo-ft-font.obj
d:\project2\cairo-vs\projects\cairo\win32\release\cairo-freelist.obj
d:\project2\cairo-vs\projects\cairo\win32\release\cairo-freed-pool.obj
d:\project2\cairo-vs\projects\cairo\win32\release\cairo-font-options.obj
d:\project2\cairo-vs\projects\cairo\win32\release\cairo-font-face.obj
d:\project2\cairo-vs\projects\cairo\win32\release\cairo-font-face-twin.obj
d:\project2\cairo-vs\projects\cairo\win32\release\cairo-font-face-twin-data.obj
d:\project2\cairo-vs\projects\cairo\win32\release\cairo-fixed.obj
d:\project2\cairo-vs\projects\cairo\win32\release\cairo-fallback-compositor.obj
d:\project2\cairo-vs\projects\cairo\win32\release\cairo-error.obj
d:\project2\cairo-vs\projects\cairo\win32\release\cairo-device.obj
d:\project2\cairo-vs\projects\cairo\win32\release\cairo-deflate-stream.obj
d:\project2\cairo-vs\projects\cairo\win32\release\cairo-default-context.obj
d:\project2\cairo-vs\projects\cairo\win32\release\cairo-debug.obj
d:\project2\cairo-vs\projects\cairo\win32\release\cairo-damage.obj
d:\project2\cairo-vs\projects\cairo\win32\release\cairo-contour.obj
d:\project2\cairo-vs\projects\cairo\win32\release\cairo-compositor.obj
d:\project2\cairo-vs\projects\cairo\win32\release\cairo-composite-rectangles.obj
d:\project2\cairo-vs\projects\cairo\win32\release\cairo-color.obj
d:\project2\cairo-vs\projects\cairo\win32\release\cairo-line.obj
d:\project2\cairo-vs\projects\cairo\win32\release\cairo-image-surface.obj
d:\project2\cairo-vs\projects\cairo\win32\release\cairo-image-source.obj
d:\project2\cairo-vs\projects\cairo\win32\release\cairo-image-info.obj
d:\project2\cairo-vs\projects\cairo\win32\release\cairo-image-compositor.obj
d:\project2\cairo-vs\projects\cairo\win32\release\cairo-hull.obj
d:\project2\cairo-vs\projects\cairo\win32\release\cairo-hash.obj
d:\project2\cairo-vs\projects\cairo\win32\release\cairo-gstate.obj
d:\project2\cairo-vs\projects\cairo\win32\release\cairo-gl-traps-compositor.obj
d:\project2\cairo-vs\projects\cairo\win32\release\cairo-gl-surface.obj
d:\project2\cairo-vs\projects\cairo\win32\release\cairo-gl-spans-compositor.obj
d:\project2\cairo-vs\projects\cairo\win32\release\cairo-gl-source.obj
d:\project2\cairo-vs\projects\cairo\win32\release\cairo-gl-shaders.obj
d:\project2\cairo-vs\projects\cairo\win32\release\cairo-gl-operand.obj
d:\project2\cairo-vs\projects\cairo\win32\release\cairo-gl-msaa-compositor.obj
d:\project2\cairo-vs\projects\cairo\win32\release\cairo-gl-info.obj
d:\project2\cairo-vs\projects\cairo\win32\release\cairo-gl-gradient.obj
d:\project2\cairo-vs\projects\cairo\win32\release\cairo-gl-glyphs.obj
d:\project2\cairo-vs\projects\cairo\win32\release\cairo-gl-dispatch.obj
d:\project2\cairo-vs\projects\cairo\win32\release\cairo-path-stroke-tristrip.obj
d:\project2\cairo-vs\projects\cairo\win32\release\cairo-path-stroke-traps.obj
d:\project2\cairo-vs\projects\cairo\win32\release\cairo-path-stroke-polygon.obj
d:\project2\cairo-vs\projects\cairo\win32\release\cairo-path-stroke-boxes.obj
d:\project2\cairo-vs\projects\cairo\win32\release\cairo-path-in-fill.obj
d:\project2\cairo-vs\projects\cairo\win32\release\cairo-path-fixed.obj
d:\project2\cairo-vs\projects\cairo\win32\release\cairo-path-fill.obj
d:\project2\cairo-vs\projects\cairo\win32\release\cairo-path-bounds.obj
d:\project2\cairo-vs\projects\cairo\win32\release\cairo-paginated-surface.obj
d:\project2\cairo-vs\projects\cairo\win32\release\cairo-output-stream.obj
d:\project2\cairo-vs\projects\cairo\win32\release\cairo-observer.obj
d:\project2\cairo-vs\projects\cairo\win32\release\cairo-no-compositor.obj
d:\project2\cairo-vs\projects\cairo\win32\release\cairo-mutex.obj
d:\project2\cairo-vs\projects\cairo\win32\release\cairo-mono-scan-converter.obj
d:\project2\cairo-vs\projects\cairo\win32\release\cairo-misc.obj
d:\project2\cairo-vs\projects\cairo\win32\release\cairo-mesh-pattern-rasterizer.obj
d:\project2\cairo-vs\projects\cairo\win32\release\cairo-mempool.obj
d:\project2\cairo-vs\projects\cairo\win32\release\cairo-matrix.obj
d:\project2\cairo-vs\projects\cairo\win32\release\cairo-mask-compositor.obj
d:\project2\cairo-vs\projects\cairo\win32\release\cairo-lzw.obj
d:\project2\cairo-vs\projects\cairo\win32\release\cairo-scaled-font-subsets.obj
d:\project2\cairo-vs\projects\cairo\win32\release\cairo-rtree.obj
d:\project2\cairo-vs\projects\cairo\win32\release\cairo-region.obj
d:\project2\cairo-vs\projects\cairo\win32\release\cairo-rectangular-scan-converter.obj
d:\project2\cairo-vs\projects\cairo\win32\release\cairo-rectangle.obj
d:\project2\cairo-vs\projects\cairo\win32\release\cairo-recording-surface.obj
d:\project2\cairo-vs\projects\cairo\win32\release\cairo-raster-source-pattern.obj
d:\project2\cairo-vs\projects\cairo\win32\release\cairo-ps-surface.obj
d:\project2\cairo-vs\projects\cairo\win32\release\cairo-polygon.obj
d:\project2\cairo-vs\projects\cairo\win32\release\cairo-polygon-reduce.obj
d:\project2\cairo-vs\projects\cairo\win32\release\cairo-polygon-intersect.obj
d:\project2\cairo-vs\projects\cairo\win32\release\cairo-png.obj
d:\project2\cairo-vs\projects\cairo\win32\release\cairo-pen.obj
d:\project2\cairo-vs\projects\cairo\win32\release\cairo-pdf-surface.obj
d:\project2\cairo-vs\projects\cairo\win32\release\cairo-pdf-shading.obj
d:\project2\cairo-vs\projects\cairo\win32\release\cairo-pdf-operators.obj
d:\project2\cairo-vs\projects\cairo\win32\release\cairo-pdf-interchange.obj
d:\project2\cairo-vs\projects\cairo\win32\release\cairo-pattern.obj
d:\project2\cairo-vs\projects\cairo\win32\release\cairo-path.obj
d:\project2\cairo-vs\projects\cairo\win32\release\cairo-path-stroke.obj
d:\project2\cairo-vs\projects\cairo\win32\release\cairo-tag-stack.obj
d:\project2\cairo-vs\projects\cairo\win32\release\cairo-tag-attributes.obj
d:\project2\cairo-vs\projects\cairo\win32\release\cairo-svg-surface.obj
d:\project2\cairo-vs\projects\cairo\win32\release\cairo-surface.obj
d:\project2\cairo-vs\projects\cairo\win32\release\cairo-surface-wrapper.obj
d:\project2\cairo-vs\projects\cairo\win32\release\cairo-surface-subsurface.obj
d:\project2\cairo-vs\projects\cairo\win32\release\cairo-surface-snapshot.obj
d:\project2\cairo-vs\projects\cairo\win32\release\cairo-surface-offset.obj
d:\project2\cairo-vs\projects\cairo\win32\release\cairo-surface-observer.obj
d:\project2\cairo-vs\projects\cairo\win32\release\cairo-surface-fallback.obj
d:\project2\cairo-vs\projects\cairo\win32\release\cairo-surface-clipper.obj
d:\project2\cairo-vs\projects\cairo\win32\release\cairo-stroke-style.obj
d:\project2\cairo-vs\projects\cairo\win32\release\cairo-stroke-dash.obj
d:\project2\cairo-vs\projects\cairo\win32\release\cairo-spline.obj
d:\project2\cairo-vs\projects\cairo\win32\release\cairo-spans.obj
d:\project2\cairo-vs\projects\cairo\win32\release\cairo-spans-compositor.obj
d:\project2\cairo-vs\projects\cairo\win32\release\cairo-slope.obj
d:\project2\cairo-vs\projects\cairo\win32\release\cairo-shape-mask-compositor.obj
d:\project2\cairo-vs\projects\cairo\win32\release\cairo-script-surface.obj
d:\project2\cairo-vs\projects\cairo\win32\release\cairo-scaled-font.obj
d:\project2\cairo-vs\projects\cairo\win32\release\test-compositor-surface.obj
d:\project2\cairo-vs\projects\cairo\win32\release\test-base-compositor-surface.obj
d:\project2\cairo-vs\projects\cairo\win32\release\cairo.obj
d:\project2\cairo-vs\projects\cairo\win32\release\cairo-wideint.obj
d:\project2\cairo-vs\projects\cairo\win32\release\cairo-wgl-context.obj
d:\project2\cairo-vs\projects\cairo\win32\release\cairo-version.obj
d:\project2\cairo-vs\projects\cairo\win32\release\cairo-user-font.obj
d:\project2\cairo-vs\projects\cairo\win32\release\cairo-unicode.obj
d:\project2\cairo-vs\projects\cairo\win32\release\cairo-type3-glyph-surface.obj
d:\project2\cairo-vs\projects\cairo\win32\release\cairo-type1-subset.obj
d:\project2\cairo-vs\projects\cairo\win32\release\cairo-type1-glyph-names.obj
d:\project2\cairo-vs\projects\cairo\win32\release\cairo-type1-fallback.obj
d:\project2\cairo-vs\projects\cairo\win32\release\cairo-truetype-subset.obj
d:\project2\cairo-vs\projects\cairo\win32\release\cairo-tristrip.obj
d:\project2\cairo-vs\projects\cairo\win32\release\cairo-traps.obj
d:\project2\cairo-vs\projects\cairo\win32\release\cairo-traps-compositor.obj
d:\project2\cairo-vs\projects\cairo\win32\release\cairo-toy-font-face.obj
d:\project2\cairo-vs\projects\cairo\win32\release\cairo-tor22-scan-converter.obj
d:\project2\cairo-vs\projects\cairo\win32\release\cairo-tor-scan-converter.obj
d:\project2\cairo-vs\projects\cairo\win32\release\cairo-time.obj
d:\project2\cairo-vs\projects\cairo\win32\release\cairo-win32-system.obj
d:\project2\cairo-vs\projects\cairo\win32\release\cairo-win32-surface.obj
d:\project2\cairo-vs\projects\cairo\win32\release\cairo-win32-printing-surface.obj
d:\project2\cairo-vs\projects\cairo\win32\release\cairo-win32-gdi-compositor.obj
d:\project2\cairo-vs\projects\cairo\win32\release\cairo-win32-font.obj
d:\project2\cairo-vs\projects\cairo\win32\release\cairo-win32-display-surface.obj
d:\project2\cairo-vs\projects\cairo\win32\release\cairo-win32-device.obj
d:\project2\cairo-vs\projects\cairo\win32\release\cairo-win32-debug.obj
d:\project2\cairo-vs\projects\cairo\win32\release\test-paginated-surface.obj
d:\project2\cairo-vs\projects\cairo\win32\release\test-null-compositor-surface.obj
d:\project2\cairo-vs\projects\cairo\win32\release\cairo-gl-device.obj
d:\project2\cairo-vs\projects\install\lib\win32\release\cairo.dll
d:\project2\cairo-vs\projects\install\lib\win32\release\cairo.pdb
d:\project2\cairo-vs\projects\cairo\win32\release\cairo.tlog\cairo.write.1u.tlog
d:\project2\cairo-vs\projects\cairo\win32\release\cairo.tlog\cl.command.1.tlog
d:\project2\cairo-vs\projects\cairo\win32\release\cairo.tlog\cl.read.1.tlog
d:\project2\cairo-vs\projects\cairo\win32\release\cairo.tlog\cl.write.1.tlog
d:\project2\cairo-vs\projects\cairo\win32\release\cairo.tlog\link.command.1.tlog
d:\project2\cairo-vs\projects\cairo\win32\release\cairo.tlog\link.read.1.tlog
d:\project2\cairo-vs\projects\cairo\win32\release\cairo.tlog\link.write.1.tlog
d:\project2\cairo-vs\projects\cairo\win32\release\cairo.tlog\vcpkginstallmanifestx86-windows.read.1u.tlog
