d:\project2\cairo-vs\projects\release\pixman.pdb
d:\project2\cairo-vs\projects\pixman\release\pixman-mmx.obj
d:\project2\cairo-vs\projects\pixman\release\pixman-mips.obj
d:\project2\cairo-vs\projects\pixman\release\pixman-matrix.obj
d:\project2\cairo-vs\projects\pixman\release\pixman-linear-gradient.obj
d:\project2\cairo-vs\projects\pixman\release\pixman-implementation.obj
d:\project2\cairo-vs\projects\pixman\release\pixman-image.obj
d:\project2\cairo-vs\projects\pixman\release\pixman-gradient-walker.obj
d:\project2\cairo-vs\projects\pixman\release\pixman-glyph.obj
d:\project2\cairo-vs\projects\pixman\release\pixman-general.obj
d:\project2\cairo-vs\projects\pixman\release\pixman-filter.obj
d:\project2\cairo-vs\projects\pixman\release\pixman-fast-path.obj
d:\project2\cairo-vs\projects\pixman\release\pixman-edge.obj
d:\project2\cairo-vs\projects\pixman\release\pixman-edge-accessors.obj
d:\project2\cairo-vs\projects\pixman\release\pixman-conical-gradient.obj
d:\project2\cairo-vs\projects\pixman\release\pixman-combine32.obj
d:\project2\cairo-vs\projects\pixman\release\pixman-combine-float.obj
d:\project2\cairo-vs\projects\pixman\release\pixman-bits-image.obj
d:\project2\cairo-vs\projects\pixman\release\pixman-arm.obj
d:\project2\cairo-vs\projects\pixman\release\pixman-access.obj
d:\project2\cairo-vs\projects\pixman\release\pixman-access-accessors.obj
d:\project2\cairo-vs\projects\pixman\release\pixman.obj
d:\project2\cairo-vs\projects\pixman\release\pixman-x86.obj
d:\project2\cairo-vs\projects\pixman\release\pixman-utils.obj
d:\project2\cairo-vs\projects\pixman\release\pixman-trap.obj
d:\project2\cairo-vs\projects\pixman\release\pixman-timer.obj
d:\project2\cairo-vs\projects\pixman\release\pixman-ssse3.obj
d:\project2\cairo-vs\projects\pixman\release\pixman-sse2.obj
d:\project2\cairo-vs\projects\pixman\release\pixman-solid-fill.obj
d:\project2\cairo-vs\projects\pixman\release\pixman-region32.obj
d:\project2\cairo-vs\projects\pixman\release\pixman-region16.obj
d:\project2\cairo-vs\projects\pixman\release\pixman-radial-gradient.obj
d:\project2\cairo-vs\projects\pixman\release\pixman-ppc.obj
d:\project2\cairo-vs\projects\pixman\release\pixman-noop.obj
d:\project2\cairo-vs\projects\release\pixman.lib
d:\project2\cairo-vs\projects\pixman\release\pixman.tlog\cl.command.1.tlog
d:\project2\cairo-vs\projects\pixman\release\pixman.tlog\cl.read.1.tlog
d:\project2\cairo-vs\projects\pixman\release\pixman.tlog\cl.write.1.tlog
d:\project2\cairo-vs\projects\pixman\release\pixman.tlog\lib-link.read.1.tlog
d:\project2\cairo-vs\projects\pixman\release\pixman.tlog\lib-link.write.1.tlog
d:\project2\cairo-vs\projects\pixman\release\pixman.tlog\lib.command.1.tlog
