  The vcpkg manifest was disabled, but we found a manifest file in D:\project2\Cairo-VS\projects\. You may want to enable vcpkg manifests in your properties page or pass /p:VcpkgEnableManifest=true to the msbuild invocation.
  pixman-access-accessors.c
D:\project2\Cairo-VS\pixman\pixman\pixman-access.c(635,37): warning C4244: 'function': conversion from 'uint64_t' to 'uint16_t', possible loss of data
D:\project2\Cairo-VS\pixman\pixman\pixman-access.c(636,37): warning C4244: 'function': conversion from 'uint64_t' to 'uint16_t', possible loss of data
D:\project2\Cairo-VS\pixman\pixman\pixman-access.c(637,37): warning C4244: 'function': conversion from 'uint64_t' to 'uint16_t', possible loss of data
D:\project2\Cairo-VS\pixman\pixman\pixman-access.c(638,37): warning C4244: 'function': conversion from 'uint64_t' to 'uint16_t', possible loss of data
D:\project2\Cairo-VS\pixman\pixman\pixman-access.c(708,37): warning C4244: 'function': conversion from 'uint64_t' to 'uint16_t', possible loss of data
D:\project2\Cairo-VS\pixman\pixman\pixman-access.c(709,37): warning C4244: 'function': conversion from 'uint64_t' to 'uint16_t', possible loss of data
D:\project2\Cairo-VS\pixman\pixman\pixman-access.c(710,37): warning C4244: 'function': conversion from 'uint64_t' to 'uint16_t', possible loss of data
D:\project2\Cairo-VS\pixman\pixman\pixman-access.c(738,37): warning C4244: 'function': conversion from 'uint64_t' to 'uint16_t', possible loss of data
D:\project2\Cairo-VS\pixman\pixman\pixman-access.c(739,37): warning C4244: 'function': conversion from 'uint64_t' to 'uint16_t', possible loss of data
D:\project2\Cairo-VS\pixman\pixman\pixman-access.c(740,37): warning C4244: 'function': conversion from 'uint64_t' to 'uint16_t', possible loss of data
D:\project2\Cairo-VS\pixman\pixman\pixman-access.c(741,37): warning C4244: 'function': conversion from 'uint64_t' to 'uint16_t', possible loss of data
D:\project2\Cairo-VS\pixman\pixman\pixman-access.c(769,37): warning C4244: 'function': conversion from 'uint64_t' to 'uint16_t', possible loss of data
D:\project2\Cairo-VS\pixman\pixman\pixman-access.c(770,37): warning C4244: 'function': conversion from 'uint64_t' to 'uint16_t', possible loss of data
D:\project2\Cairo-VS\pixman\pixman\pixman-access.c(771,37): warning C4244: 'function': conversion from 'uint64_t' to 'uint16_t', possible loss of data
D:\project2\Cairo-VS\pixman\pixman\pixman-access.c(897,37): warning C4244: 'function': conversion from 'uint64_t' to 'uint16_t', possible loss of data
D:\project2\Cairo-VS\pixman\pixman\pixman-access.c(898,37): warning C4244: 'function': conversion from 'uint64_t' to 'uint16_t', possible loss of data
D:\project2\Cairo-VS\pixman\pixman\pixman-access.c(899,37): warning C4244: 'function': conversion from 'uint64_t' to 'uint16_t', possible loss of data
D:\project2\Cairo-VS\pixman\pixman\pixman-access.c(917,37): warning C4244: 'function': conversion from 'uint64_t' to 'uint16_t', possible loss of data
D:\project2\Cairo-VS\pixman\pixman\pixman-access.c(918,37): warning C4244: 'function': conversion from 'uint64_t' to 'uint16_t', possible loss of data
D:\project2\Cairo-VS\pixman\pixman\pixman-access.c(919,37): warning C4244: 'function': conversion from 'uint64_t' to 'uint16_t', possible loss of data
D:\project2\Cairo-VS\pixman\pixman\pixman-access.c(920,37): warning C4244: 'function': conversion from 'uint64_t' to 'uint16_t', possible loss of data
D:\project2\Cairo-VS\pixman\pixman\pixman-access.c(938,37): warning C4244: 'function': conversion from 'uint64_t' to 'uint16_t', possible loss of data
D:\project2\Cairo-VS\pixman\pixman\pixman-access.c(939,37): warning C4244: 'function': conversion from 'uint64_t' to 'uint16_t', possible loss of data
D:\project2\Cairo-VS\pixman\pixman\pixman-access.c(940,37): warning C4244: 'function': conversion from 'uint64_t' to 'uint16_t', possible loss of data
D:\project2\Cairo-VS\pixman\pixman\pixman-access.c(941,37): warning C4244: 'function': conversion from 'uint64_t' to 'uint16_t', possible loss of data
D:\project2\Cairo-VS\pixman\pixman\pixman-access.c(959,37): warning C4244: 'function': conversion from 'uint64_t' to 'uint16_t', possible loss of data
D:\project2\Cairo-VS\pixman\pixman\pixman-access.c(960,37): warning C4244: 'function': conversion from 'uint64_t' to 'uint16_t', possible loss of data
D:\project2\Cairo-VS\pixman\pixman\pixman-access.c(961,37): warning C4244: 'function': conversion from 'uint64_t' to 'uint16_t', possible loss of data
D:\project2\Cairo-VS\pixman\pixman\pixman-access.c(1278,28): warning C4244: '=': conversion from 'const float' to 'uint32_t', possible loss of data
D:\project2\Cairo-VS\pixman\pixman\pixman-access.c(1279,28): warning C4244: '=': conversion from 'const float' to 'uint32_t', possible loss of data
D:\project2\Cairo-VS\pixman\pixman\pixman-access.c(1280,28): warning C4244: '=': conversion from 'const float' to 'uint32_t', possible loss of data
D:\project2\Cairo-VS\pixman\pixman\pixman-access.c(1300,31): warning C4244: '=': conversion from 'const float' to 'uint32_t', possible loss of data
D:\project2\Cairo-VS\pixman\pixman\pixman-access.c(1301,31): warning C4244: '=': conversion from 'const float' to 'uint32_t', possible loss of data
D:\project2\Cairo-VS\pixman\pixman\pixman-access.c(1302,31): warning C4244: '=': conversion from 'const float' to 'uint32_t', possible loss of data
  pixman-access.c
D:\project2\Cairo-VS\pixman\pixman\pixman-access.c(635,37): warning C4244: 'function': conversion from 'uint64_t' to 'uint16_t', possible loss of data
D:\project2\Cairo-VS\pixman\pixman\pixman-access.c(636,37): warning C4244: 'function': conversion from 'uint64_t' to 'uint16_t', possible loss of data
D:\project2\Cairo-VS\pixman\pixman\pixman-access.c(637,37): warning C4244: 'function': conversion from 'uint64_t' to 'uint16_t', possible loss of data
D:\project2\Cairo-VS\pixman\pixman\pixman-access.c(638,37): warning C4244: 'function': conversion from 'uint64_t' to 'uint16_t', possible loss of data
D:\project2\Cairo-VS\pixman\pixman\pixman-access.c(708,37): warning C4244: 'function': conversion from 'uint64_t' to 'uint16_t', possible loss of data
D:\project2\Cairo-VS\pixman\pixman\pixman-access.c(709,37): warning C4244: 'function': conversion from 'uint64_t' to 'uint16_t', possible loss of data
D:\project2\Cairo-VS\pixman\pixman\pixman-access.c(710,37): warning C4244: 'function': conversion from 'uint64_t' to 'uint16_t', possible loss of data
D:\project2\Cairo-VS\pixman\pixman\pixman-access.c(738,37): warning C4244: 'function': conversion from 'uint64_t' to 'uint16_t', possible loss of data
D:\project2\Cairo-VS\pixman\pixman\pixman-access.c(739,37): warning C4244: 'function': conversion from 'uint64_t' to 'uint16_t', possible loss of data
D:\project2\Cairo-VS\pixman\pixman\pixman-access.c(740,37): warning C4244: 'function': conversion from 'uint64_t' to 'uint16_t', possible loss of data
D:\project2\Cairo-VS\pixman\pixman\pixman-access.c(741,37): warning C4244: 'function': conversion from 'uint64_t' to 'uint16_t', possible loss of data
D:\project2\Cairo-VS\pixman\pixman\pixman-access.c(769,37): warning C4244: 'function': conversion from 'uint64_t' to 'uint16_t', possible loss of data
D:\project2\Cairo-VS\pixman\pixman\pixman-access.c(770,37): warning C4244: 'function': conversion from 'uint64_t' to 'uint16_t', possible loss of data
D:\project2\Cairo-VS\pixman\pixman\pixman-access.c(771,37): warning C4244: 'function': conversion from 'uint64_t' to 'uint16_t', possible loss of data
D:\project2\Cairo-VS\pixman\pixman\pixman-access.c(897,37): warning C4244: 'function': conversion from 'uint64_t' to 'uint16_t', possible loss of data
D:\project2\Cairo-VS\pixman\pixman\pixman-access.c(898,37): warning C4244: 'function': conversion from 'uint64_t' to 'uint16_t', possible loss of data
D:\project2\Cairo-VS\pixman\pixman\pixman-access.c(899,37): warning C4244: 'function': conversion from 'uint64_t' to 'uint16_t', possible loss of data
D:\project2\Cairo-VS\pixman\pixman\pixman-access.c(917,37): warning C4244: 'function': conversion from 'uint64_t' to 'uint16_t', possible loss of data
D:\project2\Cairo-VS\pixman\pixman\pixman-access.c(918,37): warning C4244: 'function': conversion from 'uint64_t' to 'uint16_t', possible loss of data
D:\project2\Cairo-VS\pixman\pixman\pixman-access.c(919,37): warning C4244: 'function': conversion from 'uint64_t' to 'uint16_t', possible loss of data
D:\project2\Cairo-VS\pixman\pixman\pixman-access.c(920,37): warning C4244: 'function': conversion from 'uint64_t' to 'uint16_t', possible loss of data
D:\project2\Cairo-VS\pixman\pixman\pixman-access.c(938,37): warning C4244: 'function': conversion from 'uint64_t' to 'uint16_t', possible loss of data
D:\project2\Cairo-VS\pixman\pixman\pixman-access.c(939,37): warning C4244: 'function': conversion from 'uint64_t' to 'uint16_t', possible loss of data
D:\project2\Cairo-VS\pixman\pixman\pixman-access.c(940,37): warning C4244: 'function': conversion from 'uint64_t' to 'uint16_t', possible loss of data
D:\project2\Cairo-VS\pixman\pixman\pixman-access.c(941,37): warning C4244: 'function': conversion from 'uint64_t' to 'uint16_t', possible loss of data
D:\project2\Cairo-VS\pixman\pixman\pixman-access.c(959,37): warning C4244: 'function': conversion from 'uint64_t' to 'uint16_t', possible loss of data
D:\project2\Cairo-VS\pixman\pixman\pixman-access.c(960,37): warning C4244: 'function': conversion from 'uint64_t' to 'uint16_t', possible loss of data
D:\project2\Cairo-VS\pixman\pixman\pixman-access.c(961,37): warning C4244: 'function': conversion from 'uint64_t' to 'uint16_t', possible loss of data
D:\project2\Cairo-VS\pixman\pixman\pixman-access.c(1278,28): warning C4244: '=': conversion from 'const float' to 'uint32_t', possible loss of data
D:\project2\Cairo-VS\pixman\pixman\pixman-access.c(1279,28): warning C4244: '=': conversion from 'const float' to 'uint32_t', possible loss of data
D:\project2\Cairo-VS\pixman\pixman\pixman-access.c(1280,28): warning C4244: '=': conversion from 'const float' to 'uint32_t', possible loss of data
D:\project2\Cairo-VS\pixman\pixman\pixman-access.c(1300,31): warning C4244: '=': conversion from 'const float' to 'uint32_t', possible loss of data
D:\project2\Cairo-VS\pixman\pixman\pixman-access.c(1301,31): warning C4244: '=': conversion from 'const float' to 'uint32_t', possible loss of data
D:\project2\Cairo-VS\pixman\pixman\pixman-access.c(1302,31): warning C4244: '=': conversion from 'const float' to 'uint32_t', possible loss of data
  pixman-arm.c
  pixman-bits-image.c
D:\project2\Cairo-VS\pixman\pixman\pixman-bits-image.c(231,24): warning C4244: '+=': conversion from 'const float' to 'unsigned int', possible loss of data
D:\project2\Cairo-VS\pixman\pixman\pixman-bits-image.c(232,24): warning C4244: '+=': conversion from 'const float' to 'unsigned int', possible loss of data
D:\project2\Cairo-VS\pixman\pixman\pixman-bits-image.c(233,24): warning C4244: '+=': conversion from 'const float' to 'unsigned int', possible loss of data
D:\project2\Cairo-VS\pixman\pixman\pixman-bits-image.c(234,24): warning C4244: '+=': conversion from 'const float' to 'unsigned int', possible loss of data
D:\project2\Cairo-VS\pixman\pixman\pixman-bits-image.c(400,44): warning C4244: '=': conversion from 'pixman_fixed_48_16_t' to 'pixman_fixed_t', possible loss of data
D:\project2\Cairo-VS\pixman\pixman\pixman-bits-image.c(1058,30): warning C4244: 'return': conversion from 'double' to 'const float', possible loss of data
D:\project2\Cairo-VS\pixman\pixman\pixman-bits-image.c(1184,66): warning C4090: 'function': different 'const' qualifiers
D:\project2\Cairo-VS\pixman\pixman\pixman-bits-image.c(1189,60): warning C4090: 'function': different 'const' qualifiers
  pixman-combine-float.c
D:\project2\Cairo-VS\pixman\pixman\pixman-combine-float.c(1,1): warning C4819: The file contains a character that cannot be represented in the current code page (949). Save the file in Unicode format to prevent data loss
D:\project2\Cairo-VS\pixman\pixman\pixman-combine-float.c(207,10): warning C4244: '=': conversion from 'double' to 'float', possible loss of data
D:\project2\Cairo-VS\pixman\pixman\pixman-combine-float.c(214,10): warning C4244: '=': conversion from 'double' to 'float', possible loss of data
D:\project2\Cairo-VS\pixman\pixman\pixman-combine-float.c(221,10): warning C4244: '=': conversion from 'double' to 'float', possible loss of data
D:\project2\Cairo-VS\pixman\pixman\pixman-combine-float.c(228,10): warning C4244: '=': conversion from 'double' to 'float', possible loss of data
D:\project2\Cairo-VS\pixman\pixman\pixman-combine-float.c(235,10): warning C4244: '=': conversion from 'double' to 'float', possible loss of data
D:\project2\Cairo-VS\pixman\pixman\pixman-combine-float.c(242,10): warning C4244: '=': conversion from 'double' to 'float', possible loss of data
D:\project2\Cairo-VS\pixman\pixman\pixman-combine-float.c(249,10): warning C4244: '=': conversion from 'double' to 'float', possible loss of data
D:\project2\Cairo-VS\pixman\pixman\pixman-combine-float.c(256,10): warning C4244: '=': conversion from 'double' to 'float', possible loss of data
  pixman-combine32.c
D:\project2\Cairo-VS\pixman\pixman\pixman-combine32.c(1,1): warning C4819: The file contains a character that cannot be represented in the current code page (949). Save the file in Unicode format to prevent data loss
  pixman-conical-gradient.c
  pixman-edge-accessors.c
  pixman-edge.c
  pixman-fast-path.c
  pixman-filter.c
D:\project2\Cairo-VS\pixman\pixman\pixman-filter.c(259,12): warning C4244: '=': conversion from 'double' to 'int', possible loss of data
D:\project2\Cairo-VS\pixman\pixman\pixman-filter.c(296,31): warning C4244: 'initializing': conversion from 'double' to 'pixman_fixed_t', possible loss of data
D:\project2\Cairo-VS\pixman\pixman\pixman-filter.c(315,17): warning C4244: 'return': conversion from 'double' to 'int', possible loss of data
  pixman-general.c
  pixman-glyph.c
  pixman-gradient-walker.c
D:\project2\Cairo-VS\pixman\pixman\pixman-gradient-walker.c(104,24): warning C4244: '=': conversion from 'int64_t' to 'int32_t', possible loss of data
  pixman-image.c
  pixman-implementation.c
D:\project2\Cairo-VS\pixman\pixman\pixman-implementation.c(357,16): warning C4996: 'getenv': This function or variable may be unsafe. Consider using _dupenv_s instead. To disable deprecation, use _CRT_SECURE_NO_WARNINGS. See online help for details.
  pixman-linear-gradient.c
D:\project2\Cairo-VS\pixman\pixman\pixman-linear-gradient.c(159,50): warning C4244: '=': conversion from 'double' to 'pixman_fixed_32_32_t', possible loss of data
D:\project2\Cairo-VS\pixman\pixman\pixman-linear-gradient.c(180,18): warning C4244: '=': conversion from 'double' to 'pixman_fixed_32_32_t', possible loss of data
D:\project2\Cairo-VS\pixman\pixman\pixman-linear-gradient.c(207,25): warning C4244: 'function': conversion from 'double' to 'pixman_fixed_48_16_t', possible loss of data
  pixman-matrix.c
D:\project2\Cairo-VS\pixman\pixman\pixman-matrix.c(120,14): warning C4146: unary minus operator applied to unsigned type, result still unsigned
D:\project2\Cairo-VS\pixman\pixman\pixman-matrix.c(128,21): warning C4146: unary minus operator applied to unsigned type, result still unsigned
D:\project2\Cairo-VS\pixman\pixman\pixman-matrix.c(129,21): warning C4146: unary minus operator applied to unsigned type, result still unsigned
D:\project2\Cairo-VS\pixman\pixman\pixman-matrix.c(392,30): warning C4244: '=': conversion from 'pixman_fixed_48_16_t' to 'pixman_fixed_t', possible loss of data
D:\project2\Cairo-VS\pixman\pixman\pixman-matrix.c(393,30): warning C4244: '=': conversion from 'pixman_fixed_48_16_t' to 'pixman_fixed_t', possible loss of data
D:\project2\Cairo-VS\pixman\pixman\pixman-matrix.c(394,30): warning C4244: '=': conversion from 'pixman_fixed_48_16_t' to 'pixman_fixed_t', possible loss of data
D:\project2\Cairo-VS\pixman\pixman\pixman-matrix.c(413,30): warning C4244: '=': conversion from 'pixman_fixed_48_16_t' to 'pixman_fixed_t', possible loss of data
D:\project2\Cairo-VS\pixman\pixman\pixman-matrix.c(414,30): warning C4244: '=': conversion from 'pixman_fixed_48_16_t' to 'pixman_fixed_t', possible loss of data
D:\project2\Cairo-VS\pixman\pixman\pixman-matrix.c(415,30): warning C4244: '=': conversion from 'pixman_fixed_48_16_t' to 'pixman_fixed_t', possible loss of data
D:\project2\Cairo-VS\pixman\pixman\pixman-matrix.c(1039,13): warning C4244: '=': conversion from 'double' to 'int', possible loss of data
D:\project2\Cairo-VS\pixman\pixman\pixman-matrix.c(1040,13): warning C4244: '=': conversion from 'double' to 'int', possible loss of data
D:\project2\Cairo-VS\pixman\pixman\pixman-matrix.c(1041,12): warning C4244: '=': conversion from 'double' to 'int', possible loss of data
D:\project2\Cairo-VS\pixman\pixman\pixman-matrix.c(1042,12): warning C4244: '=': conversion from 'double' to 'int', possible loss of data
  pixman-mips.c
  pixman-mmx.c
D:\project2\Cairo-VS\pixman\pixman\pixman-mmx.c(1487,23): warning C4244: '=': conversion from 'uint64_t' to 'uint16_t', possible loss of data
D:\project2\Cairo-VS\pixman\pixman\pixman-mmx.c(1519,23): warning C4244: '=': conversion from 'uint64_t' to 'uint16_t', possible loss of data
D:\project2\Cairo-VS\pixman\pixman\pixman-mmx.c(1903,23): warning C4244: '=': conversion from 'uint64_t' to 'uint16_t', possible loss of data
D:\project2\Cairo-VS\pixman\pixman\pixman-mmx.c(1947,23): warning C4244: '=': conversion from 'uint64_t' to 'uint16_t', possible loss of data
D:\project2\Cairo-VS\pixman\pixman\pixman-mmx.c(2444,20): warning C4244: '=': conversion from 'uint64_t' to 'uint16_t', possible loss of data
D:\project2\Cairo-VS\pixman\pixman\pixman-mmx.c(2507,20): warning C4244: '=': conversion from 'uint64_t' to 'uint16_t', possible loss of data
D:\project2\Cairo-VS\pixman\pixman\pixman-mmx.c(2557,23): warning C4244: '=': conversion from 'uint64_t' to 'uint16_t', possible loss of data
D:\project2\Cairo-VS\pixman\pixman\pixman-mmx.c(2625,23): warning C4244: '=': conversion from 'uint64_t' to 'uint16_t', possible loss of data
D:\project2\Cairo-VS\pixman\pixman\pixman-mmx.c(2761,18): warning C4244: '=': conversion from 'uint64_t' to 'uint16_t', possible loss of data
D:\project2\Cairo-VS\pixman\pixman\pixman-mmx.c(2807,18): warning C4244: '=': conversion from 'uint64_t' to 'uint16_t', possible loss of data
  Generating Code...
D:\project2\Cairo-VS\pixman\pixman\pixman-mmx.c(269): warning C4799: function 'to_uint64' has no EMMS instruction
D:\project2\Cairo-VS\pixman\pixman\pixman-mmx.c(472): warning C4799: function 'store' has no EMMS instruction
D:\project2\Cairo-VS\pixman\pixman\pixman-mmx.c(490): warning C4799: function 'is_equal' has no EMMS instruction
D:\project2\Cairo-VS\pixman\pixman\pixman-mmx.c(501): warning C4799: function 'is_opaque' has no EMMS instruction
D:\project2\Cairo-VS\pixman\pixman\pixman-mmx.c(575): warning C4799: function 'expand_4xpacked565' has no EMMS instruction
D:\project2\Cairo-VS\pixman\pixman\pixman-mmx.c(479): warning C4799: function 'store8888' has no EMMS instruction
D:\project2\Cairo-VS\pixman\pixman\pixman-mmx.c(507): warning C4799: function 'is_zero' has no EMMS instruction
D:\project2\Cairo-VS\pixman\pixman\pixman-mmx.c(601): warning C4799: function 'expand_4x565' has no EMMS instruction
D:\project2\Cairo-VS\pixman\pixman\pixman-mmx.c(3724): warning C4799: function 'fast_composite_scaled_bilinear_mmx_8888_8888_cover_SRC' has no EMMS instruction
D:\project2\Cairo-VS\pixman\pixman\pixman-mmx.c(3635): warning C4799: function 'fast_composite_scaled_nearest_mmx_8888_n_8888_cover_OVER' has no EMMS instruction
D:\project2\Cairo-VS\pixman\pixman\pixman-mmx.c(3644): warning C4799: function 'fast_composite_scaled_nearest_mmx_8888_n_8888_normal_OVER' has no EMMS instruction
D:\project2\Cairo-VS\pixman\pixman\pixman-mmx.c(3641): warning C4799: function 'fast_composite_scaled_nearest_mmx_8888_n_8888_none_OVER' has no EMMS instruction
D:\project2\Cairo-VS\pixman\pixman\pixman-mmx.c(3638): warning C4799: function 'fast_composite_scaled_nearest_mmx_8888_n_8888_pad_OVER' has no EMMS instruction
D:\project2\Cairo-VS\pixman\pixman\pixman-mmx.c(3846): warning C4799: function 'fast_composite_scaled_bilinear_mmx_8888_8_8888_cover_OVER' has no EMMS instruction
D:\project2\Cairo-VS\pixman\pixman\pixman-mmx.c(3774): warning C4799: function 'fast_composite_scaled_bilinear_mmx_8888_8888_cover_OVER' has no EMMS instruction
D:\project2\Cairo-VS\pixman\pixman\pixman-mmx.c(3778): warning C4799: function 'fast_composite_scaled_bilinear_mmx_8888_8888_pad_OVER' has no EMMS instruction
D:\project2\Cairo-VS\pixman\pixman\pixman-mmx.c(3578): warning C4799: function 'fast_composite_scaled_nearest_mmx_8888_8888_cover_OVER' has no EMMS instruction
D:\project2\Cairo-VS\pixman\pixman\pixman-mmx.c(3581): warning C4799: function 'fast_composite_scaled_nearest_mmx_8888_8888_none_OVER' has no EMMS instruction
D:\project2\Cairo-VS\pixman\pixman\pixman-mmx.c(3587): warning C4799: function 'fast_composite_scaled_nearest_mmx_8888_8888_normal_OVER' has no EMMS instruction
D:\project2\Cairo-VS\pixman\pixman\pixman-mmx.c(3782): warning C4799: function 'fast_composite_scaled_bilinear_mmx_8888_8888_none_OVER' has no EMMS instruction
D:\project2\Cairo-VS\pixman\pixman\pixman-mmx.c(3584): warning C4799: function 'fast_composite_scaled_nearest_mmx_8888_8888_pad_OVER' has no EMMS instruction
  Compiling...
  pixman-noop.c
  pixman-ppc.c
  pixman-radial-gradient.c
D:\project2\Cairo-VS\pixman\pixman\pixman-radial-gradient.c(1,1): warning C4819: The file contains a character that cannot be represented in the current code page (949). Save the file in Unicode format to prevent data loss
D:\project2\Cairo-VS\pixman\pixman\pixman-radial-gradient.c(115,24): warning C4244: 'function': conversion from 'double' to 'pixman_fixed_48_16_t', possible loss of data
D:\project2\Cairo-VS\pixman\pixman\pixman-radial-gradient.c(123,24): warning C4244: 'function': conversion from 'double' to 'pixman_fixed_48_16_t', possible loss of data
D:\project2\Cairo-VS\pixman\pixman\pixman-radial-gradient.c(156,24): warning C4244: 'function': conversion from 'double' to 'pixman_fixed_48_16_t', possible loss of data
D:\project2\Cairo-VS\pixman\pixman\pixman-radial-gradient.c(161,24): warning C4244: 'function': conversion from 'double' to 'pixman_fixed_48_16_t', possible loss of data
D:\project2\Cairo-VS\pixman\pixman\pixman-radial-gradient.c(169,24): warning C4244: 'function': conversion from 'double' to 'pixman_fixed_48_16_t', possible loss of data
D:\project2\Cairo-VS\pixman\pixman\pixman-radial-gradient.c(174,24): warning C4244: 'function': conversion from 'double' to 'pixman_fixed_48_16_t', possible loss of data
D:\project2\Cairo-VS\pixman\pixman\pixman-radial-gradient.c(356,34): warning C4244: 'function': conversion from 'pixman_fixed_32_32_t' to 'double', possible loss of data
D:\project2\Cairo-VS\pixman\pixman\pixman-radial-gradient.c(356,37): warning C4244: 'function': conversion from 'pixman_fixed_32_32_t' to 'double', possible loss of data
D:\project2\Cairo-VS\pixman\pixman\pixman-radial-gradient.c(495,21): warning C4244: '=': conversion from 'pixman_fixed_32_32_t' to 'double', possible loss of data
  pixman-region16.c
  pixman-region32.c
D:\project2\Cairo-VS\pixman\pixman\pixman-region.c(2232,29): warning C4244: '=': conversion from 'overflow_int_t' to 'int32_t', possible loss of data
D:\project2\Cairo-VS\pixman\pixman\pixman-region.c(2233,29): warning C4244: '=': conversion from 'overflow_int_t' to 'int32_t', possible loss of data
D:\project2\Cairo-VS\pixman\pixman\pixman-region.c(2234,29): warning C4244: '=': conversion from 'overflow_int_t' to 'int32_t', possible loss of data
D:\project2\Cairo-VS\pixman\pixman\pixman-region.c(2235,29): warning C4244: '=': conversion from 'overflow_int_t' to 'int32_t', possible loss of data
D:\project2\Cairo-VS\pixman\pixman\pixman-region.c(2277,31): warning C4244: '=': conversion from 'overflow_int_t' to 'int32_t', possible loss of data
D:\project2\Cairo-VS\pixman\pixman\pixman-region.c(2278,31): warning C4244: '=': conversion from 'overflow_int_t' to 'int32_t', possible loss of data
D:\project2\Cairo-VS\pixman\pixman\pixman-region.c(2279,31): warning C4244: '=': conversion from 'overflow_int_t' to 'int32_t', possible loss of data
D:\project2\Cairo-VS\pixman\pixman\pixman-region.c(2280,31): warning C4244: '=': conversion from 'overflow_int_t' to 'int32_t', possible loss of data
  pixman-solid-fill.c
  pixman-sse2.c
  pixman-ssse3.c
  pixman-timer.c
  pixman-trap.c
D:\project2\Cairo-VS\pixman\pixman\pixman-trap.c(108,16): warning C4244: '=': conversion from 'pixman_fixed_48_16_t' to 'pixman_fixed_t', possible loss of data
D:\project2\Cairo-VS\pixman\pixman\pixman-trap.c(117,16): warning C4244: '=': conversion from 'pixman_fixed_48_16_t' to 'pixman_fixed_t', possible loss of data
D:\project2\Cairo-VS\pixman\pixman\pixman-trap.c(107,32): warning C4244: 'initializing': conversion from 'pixman_fixed_48_16_t' to 'int', possible loss of data
D:\project2\Cairo-VS\pixman\pixman\pixman-trap.c(116,21): warning C4244: 'initializing': conversion from 'pixman_fixed_48_16_t' to 'int', possible loss of data
D:\project2\Cairo-VS\pixman\pixman\pixman-trap.c(146,13): warning C4244: '=': conversion from 'pixman_fixed_48_16_t' to 'pixman_fixed_t', possible loss of data
D:\project2\Cairo-VS\pixman\pixman\pixman-trap.c(141,14): warning C4244: 'initializing': conversion from 'pixman_fixed_48_16_t' to 'int', possible loss of data
  pixman-utils.c
D:\project2\Cairo-VS\pixman\pixman\pixman-utils.c(93,11): warning C4244: '=': conversion from 'float' to 'uint32_t', possible loss of data
  pixman-x86.c
  pixman.c
  Generating Code...
  pixman.vcxproj -> D:\project2\Cairo-VS\projects\Release\pixman.lib
